[07-Dec-2020 17:19:35 America/Bogota] PHP Warning:  "continue" targeting switch is equivalent to "break". Did you mean to use "continue 2"? in /home1/blessedm/gym2.blessedmusic.co/vendor/zendframework/zend-stdlib/src/ArrayObject.php on line 426
[07-Dec-2020 17:19:35 America/Bogota] PHP Warning:  "continue" targeting switch is equivalent to "break". Did you mean to use "continue 2"? in /home1/blessedm/gym2.blessedmusic.co/vendor/zendframework/zend-code/src/Reflection/MethodReflection.php on line 272
[07-Dec-2020 17:19:35 America/Bogota] PHP Warning:  "continue" targeting switch is equivalent to "break". Did you mean to use "continue 2"? in /home1/blessedm/gym2.blessedmusic.co/vendor/zendframework/zend-code/src/Reflection/MethodReflection.php on line 275
[07-Dec-2020 17:19:35 America/Bogota] PHP Warning:  "continue" targeting switch is equivalent to "break". Did you mean to use "continue 2"? in /home1/blessedm/gym2.blessedmusic.co/vendor/zendframework/zend-code/src/Reflection/MethodReflection.php on line 281
[07-Dec-2020 17:19:35 America/Bogota] PHP Warning:  "continue" targeting switch is equivalent to "break". Did you mean to use "continue 2"? in /home1/blessedm/gym2.blessedmusic.co/vendor/zendframework/zend-code/src/Reflection/MethodReflection.php on line 287
[07-Dec-2020 17:19:35 America/Bogota] PHP Warning:  "continue" targeting switch is equivalent to "break". Did you mean to use "continue 2"? in /home1/blessedm/gym2.blessedmusic.co/vendor/zendframework/zend-code/src/Reflection/MethodReflection.php on line 296
[07-Dec-2020 17:19:35 America/Bogota] PHP Warning:  "continue" targeting switch is equivalent to "break". Did you mean to use "continue 2"? in /home1/blessedm/gym2.blessedmusic.co/vendor/zendframework/zend-code/src/Reflection/MethodReflection.php on line 314
[07-Dec-2020 17:19:35 America/Bogota] PHP Warning:  "continue" targeting switch is equivalent to "break". Did you mean to use "continue 2"? in /home1/blessedm/gym2.blessedmusic.co/vendor/zendframework/zend-code/src/Reflection/MethodReflection.php on line 319
[07-Dec-2020 17:19:35 America/Bogota] PHP Fatal error:  Declaration of Zend\Session\AbstractContainer::offsetGet($key) must be compatible with & Zend\Stdlib\ArrayObject::offsetGet($key) in /home1/blessedm/gym2.blessedmusic.co/vendor/zendframework/zend-session/src/AbstractContainer.php on line 614
[07-Dec-2020 17:19:38 America/Bogota] PHP Warning:  "continue" targeting switch is equivalent to "break". Did you mean to use "continue 2"? in /home1/blessedm/gym2.blessedmusic.co/vendor/zendframework/zend-stdlib/src/ArrayObject.php on line 426
[07-Dec-2020 17:19:38 America/Bogota] PHP Warning:  "continue" targeting switch is equivalent to "break". Did you mean to use "continue 2"? in /home1/blessedm/gym2.blessedmusic.co/vendor/zendframework/zend-code/src/Reflection/MethodReflection.php on line 272
[07-Dec-2020 17:19:38 America/Bogota] PHP Warning:  "continue" targeting switch is equivalent to "break". Did you mean to use "continue 2"? in /home1/blessedm/gym2.blessedmusic.co/vendor/zendframework/zend-code/src/Reflection/MethodReflection.php on line 275
[07-Dec-2020 17:19:38 America/Bogota] PHP Warning:  "continue" targeting switch is equivalent to "break". Did you mean to use "continue 2"? in /home1/blessedm/gym2.blessedmusic.co/vendor/zendframework/zend-code/src/Reflection/MethodReflection.php on line 281
[07-Dec-2020 17:19:38 America/Bogota] PHP Warning:  "continue" targeting switch is equivalent to "break". Did you mean to use "continue 2"? in /home1/blessedm/gym2.blessedmusic.co/vendor/zendframework/zend-code/src/Reflection/MethodReflection.php on line 287
[07-Dec-2020 17:19:38 America/Bogota] PHP Warning:  "continue" targeting switch is equivalent to "break". Did you mean to use "continue 2"? in /home1/blessedm/gym2.blessedmusic.co/vendor/zendframework/zend-code/src/Reflection/MethodReflection.php on line 296
[07-Dec-2020 17:19:38 America/Bogota] PHP Warning:  "continue" targeting switch is equivalent to "break". Did you mean to use "continue 2"? in /home1/blessedm/gym2.blessedmusic.co/vendor/zendframework/zend-code/src/Reflection/MethodReflection.php on line 314
[07-Dec-2020 17:19:38 America/Bogota] PHP Warning:  "continue" targeting switch is equivalent to "break". Did you mean to use "continue 2"? in /home1/blessedm/gym2.blessedmusic.co/vendor/zendframework/zend-code/src/Reflection/MethodReflection.php on line 319
[07-Dec-2020 17:19:38 America/Bogota] PHP Fatal error:  Declaration of Zend\Session\AbstractContainer::offsetGet($key) must be compatible with & Zend\Stdlib\ArrayObject::offsetGet($key) in /home1/blessedm/gym2.blessedmusic.co/vendor/zendframework/zend-session/src/AbstractContainer.php on line 614
[07-Dec-2020 17:19:41 America/Bogota] PHP Warning:  "continue" targeting switch is equivalent to "break". Did you mean to use "continue 2"? in /home1/blessedm/gym2.blessedmusic.co/vendor/zendframework/zend-stdlib/src/ArrayObject.php on line 426
[07-Dec-2020 17:19:41 America/Bogota] PHP Warning:  "continue" targeting switch is equivalent to "break". Did you mean to use "continue 2"? in /home1/blessedm/gym2.blessedmusic.co/vendor/zendframework/zend-code/src/Reflection/MethodReflection.php on line 272
[07-Dec-2020 17:19:41 America/Bogota] PHP Warning:  "continue" targeting switch is equivalent to "break". Did you mean to use "continue 2"? in /home1/blessedm/gym2.blessedmusic.co/vendor/zendframework/zend-code/src/Reflection/MethodReflection.php on line 275
[07-Dec-2020 17:19:41 America/Bogota] PHP Warning:  "continue" targeting switch is equivalent to "break". Did you mean to use "continue 2"? in /home1/blessedm/gym2.blessedmusic.co/vendor/zendframework/zend-code/src/Reflection/MethodReflection.php on line 281
[07-Dec-2020 17:19:41 America/Bogota] PHP Warning:  "continue" targeting switch is equivalent to "break". Did you mean to use "continue 2"? in /home1/blessedm/gym2.blessedmusic.co/vendor/zendframework/zend-code/src/Reflection/MethodReflection.php on line 287
[07-Dec-2020 17:19:41 America/Bogota] PHP Warning:  "continue" targeting switch is equivalent to "break". Did you mean to use "continue 2"? in /home1/blessedm/gym2.blessedmusic.co/vendor/zendframework/zend-code/src/Reflection/MethodReflection.php on line 296
[07-Dec-2020 17:19:41 America/Bogota] PHP Warning:  "continue" targeting switch is equivalent to "break". Did you mean to use "continue 2"? in /home1/blessedm/gym2.blessedmusic.co/vendor/zendframework/zend-code/src/Reflection/MethodReflection.php on line 314
[07-Dec-2020 17:19:41 America/Bogota] PHP Warning:  "continue" targeting switch is equivalent to "break". Did you mean to use "continue 2"? in /home1/blessedm/gym2.blessedmusic.co/vendor/zendframework/zend-code/src/Reflection/MethodReflection.php on line 319
[07-Dec-2020 17:19:41 America/Bogota] PHP Fatal error:  Declaration of Zend\Session\AbstractContainer::offsetGet($key) must be compatible with & Zend\Stdlib\ArrayObject::offsetGet($key) in /home1/blessedm/gym2.blessedmusic.co/vendor/zendframework/zend-session/src/AbstractContainer.php on line 614
[07-Dec-2020 17:19:43 America/Bogota] PHP Warning:  "continue" targeting switch is equivalent to "break". Did you mean to use "continue 2"? in /home1/blessedm/gym2.blessedmusic.co/vendor/zendframework/zend-stdlib/src/ArrayObject.php on line 426
[07-Dec-2020 17:19:43 America/Bogota] PHP Warning:  "continue" targeting switch is equivalent to "break". Did you mean to use "continue 2"? in /home1/blessedm/gym2.blessedmusic.co/vendor/zendframework/zend-code/src/Reflection/MethodReflection.php on line 272
[07-Dec-2020 17:19:43 America/Bogota] PHP Warning:  "continue" targeting switch is equivalent to "break". Did you mean to use "continue 2"? in /home1/blessedm/gym2.blessedmusic.co/vendor/zendframework/zend-code/src/Reflection/MethodReflection.php on line 275
[07-Dec-2020 17:19:43 America/Bogota] PHP Warning:  "continue" targeting switch is equivalent to "break". Did you mean to use "continue 2"? in /home1/blessedm/gym2.blessedmusic.co/vendor/zendframework/zend-code/src/Reflection/MethodReflection.php on line 281
[07-Dec-2020 17:19:43 America/Bogota] PHP Warning:  "continue" targeting switch is equivalent to "break". Did you mean to use "continue 2"? in /home1/blessedm/gym2.blessedmusic.co/vendor/zendframework/zend-code/src/Reflection/MethodReflection.php on line 287
[07-Dec-2020 17:19:43 America/Bogota] PHP Warning:  "continue" targeting switch is equivalent to "break". Did you mean to use "continue 2"? in /home1/blessedm/gym2.blessedmusic.co/vendor/zendframework/zend-code/src/Reflection/MethodReflection.php on line 296
[07-Dec-2020 17:19:43 America/Bogota] PHP Warning:  "continue" targeting switch is equivalent to "break". Did you mean to use "continue 2"? in /home1/blessedm/gym2.blessedmusic.co/vendor/zendframework/zend-code/src/Reflection/MethodReflection.php on line 314
[07-Dec-2020 17:19:43 America/Bogota] PHP Warning:  "continue" targeting switch is equivalent to "break". Did you mean to use "continue 2"? in /home1/blessedm/gym2.blessedmusic.co/vendor/zendframework/zend-code/src/Reflection/MethodReflection.php on line 319
[07-Dec-2020 17:19:43 America/Bogota] PHP Fatal error:  Declaration of Zend\Session\AbstractContainer::offsetGet($key) must be compatible with & Zend\Stdlib\ArrayObject::offsetGet($key) in /home1/blessedm/gym2.blessedmusic.co/vendor/zendframework/zend-session/src/AbstractContainer.php on line 614
[07-Dec-2020 17:19:58 America/Bogota] PHP Warning:  "continue" targeting switch is equivalent to "break". Did you mean to use "continue 2"? in /home1/blessedm/gym2.blessedmusic.co/vendor/zendframework/zend-stdlib/src/ArrayObject.php on line 426
[07-Dec-2020 17:19:58 America/Bogota] PHP Warning:  "continue" targeting switch is equivalent to "break". Did you mean to use "continue 2"? in /home1/blessedm/gym2.blessedmusic.co/vendor/zendframework/zend-code/src/Reflection/MethodReflection.php on line 272
[07-Dec-2020 17:19:58 America/Bogota] PHP Warning:  "continue" targeting switch is equivalent to "break". Did you mean to use "continue 2"? in /home1/blessedm/gym2.blessedmusic.co/vendor/zendframework/zend-code/src/Reflection/MethodReflection.php on line 275
[07-Dec-2020 17:19:58 America/Bogota] PHP Warning:  "continue" targeting switch is equivalent to "break". Did you mean to use "continue 2"? in /home1/blessedm/gym2.blessedmusic.co/vendor/zendframework/zend-code/src/Reflection/MethodReflection.php on line 281
[07-Dec-2020 17:19:58 America/Bogota] PHP Warning:  "continue" targeting switch is equivalent to "break". Did you mean to use "continue 2"? in /home1/blessedm/gym2.blessedmusic.co/vendor/zendframework/zend-code/src/Reflection/MethodReflection.php on line 287
[07-Dec-2020 17:19:58 America/Bogota] PHP Warning:  "continue" targeting switch is equivalent to "break". Did you mean to use "continue 2"? in /home1/blessedm/gym2.blessedmusic.co/vendor/zendframework/zend-code/src/Reflection/MethodReflection.php on line 296
[07-Dec-2020 17:19:58 America/Bogota] PHP Warning:  "continue" targeting switch is equivalent to "break". Did you mean to use "continue 2"? in /home1/blessedm/gym2.blessedmusic.co/vendor/zendframework/zend-code/src/Reflection/MethodReflection.php on line 314
[07-Dec-2020 17:19:58 America/Bogota] PHP Warning:  "continue" targeting switch is equivalent to "break". Did you mean to use "continue 2"? in /home1/blessedm/gym2.blessedmusic.co/vendor/zendframework/zend-code/src/Reflection/MethodReflection.php on line 319
[07-Dec-2020 17:19:58 America/Bogota] PHP Fatal error:  Declaration of Zend\Session\AbstractContainer::offsetGet($key) must be compatible with & Zend\Stdlib\ArrayObject::offsetGet($key) in /home1/blessedm/gym2.blessedmusic.co/vendor/zendframework/zend-session/src/AbstractContainer.php on line 425
[07-Dec-2020 17:20:12 America/Bogota] PHP Warning:  "continue" targeting switch is equivalent to "break". Did you mean to use "continue 2"? in /home1/blessedm/gym2.blessedmusic.co/vendor/zendframework/zend-stdlib/src/ArrayObject.php on line 426
[07-Dec-2020 17:20:12 America/Bogota] PHP Warning:  "continue" targeting switch is equivalent to "break". Did you mean to use "continue 2"? in /home1/blessedm/gym2.blessedmusic.co/vendor/zendframework/zend-code/src/Reflection/MethodReflection.php on line 272
[07-Dec-2020 17:20:12 America/Bogota] PHP Warning:  "continue" targeting switch is equivalent to "break". Did you mean to use "continue 2"? in /home1/blessedm/gym2.blessedmusic.co/vendor/zendframework/zend-code/src/Reflection/MethodReflection.php on line 275
[07-Dec-2020 17:20:12 America/Bogota] PHP Warning:  "continue" targeting switch is equivalent to "break". Did you mean to use "continue 2"? in /home1/blessedm/gym2.blessedmusic.co/vendor/zendframework/zend-code/src/Reflection/MethodReflection.php on line 281
[07-Dec-2020 17:20:12 America/Bogota] PHP Warning:  "continue" targeting switch is equivalent to "break". Did you mean to use "continue 2"? in /home1/blessedm/gym2.blessedmusic.co/vendor/zendframework/zend-code/src/Reflection/MethodReflection.php on line 287
[07-Dec-2020 17:20:12 America/Bogota] PHP Warning:  "continue" targeting switch is equivalent to "break". Did you mean to use "continue 2"? in /home1/blessedm/gym2.blessedmusic.co/vendor/zendframework/zend-code/src/Reflection/MethodReflection.php on line 296
[07-Dec-2020 17:20:12 America/Bogota] PHP Warning:  "continue" targeting switch is equivalent to "break". Did you mean to use "continue 2"? in /home1/blessedm/gym2.blessedmusic.co/vendor/zendframework/zend-code/src/Reflection/MethodReflection.php on line 314
[07-Dec-2020 17:20:12 America/Bogota] PHP Warning:  "continue" targeting switch is equivalent to "break". Did you mean to use "continue 2"? in /home1/blessedm/gym2.blessedmusic.co/vendor/zendframework/zend-code/src/Reflection/MethodReflection.php on line 319
[07-Dec-2020 17:20:12 America/Bogota] PHP Fatal error:  Declaration of Zend\Session\AbstractContainer::offsetGet($key) must be compatible with & Zend\Stdlib\ArrayObject::offsetGet($key) in /home1/blessedm/gym2.blessedmusic.co/vendor/zendframework/zend-session/src/AbstractContainer.php on line 614
[07-Dec-2020 17:20:26 America/Bogota] PHP Fatal error:  Declaration of Zend\Session\AbstractContainer::offsetGet($key) must be compatible with & Zend\Stdlib\ArrayObject::offsetGet($key) in /home1/blessedm/gym2.blessedmusic.co/vendor/zendframework/zend-session/src/AbstractContainer.php on line 614
[08-Dec-2020 14:39:39 America/Bogota] PHP Fatal error:  Uncaught Error: Call to undefined method Administracion\Modelo\Entidades\Usuario::getSEXO() in /home1/blessedm/gym2.blessedmusic.co/module/Administracion/view/administracion/usuario/get-detalle-usuario.phtml:33
Stack trace:
#0 /home1/blessedm/gym2.blessedmusic.co/vendor/zendframework/zend-view/src/Renderer/PhpRenderer.php(501): include()
#1 /home1/blessedm/gym2.blessedmusic.co/vendor/zendframework/zend-view/src/View.php(205): Zend\View\Renderer\PhpRenderer->render(NULL)
#2 /home1/blessedm/gym2.blessedmusic.co/vendor/zendframework/zend-mvc/src/View/Http/DefaultRenderingStrategy.php(103): Zend\View\View->render(Object(Zend\View\Model\ViewModel))
#3 [internal function]: Zend\Mvc\View\Http\DefaultRenderingStrategy->render(Object(Zend\Mvc\MvcEvent))
#4 /home1/blessedm/gym2.blessedmusic.co/vendor/zendframework/zend-eventmanager/src/EventManager.php(444): call_user_func(Array, Object(Zend\Mvc\MvcEvent))
#5 /home1/blessedm/gym2.blessedmusic.co/vendor/zendframework/zend-eventmanager/src/EventManager.php(205): Zend\Eve in /home1/blessedm/gym2.blessedmusic.co/module/Administracion/view/administracion/usuario/get-detalle-usuario.phtml on line 33
[09-Dec-2020 08:19:16 America/Bogota] PHP Fatal error:  Uncaught Error: Call to undefined method Administracion\Modelo\Entidades\Usuario::getSEXO() in /home1/blessedm/gym2.blessedmusic.co/module/Administracion/view/administracion/usuario/get-detalle-usuario.phtml:33
Stack trace:
#0 /home1/blessedm/gym2.blessedmusic.co/vendor/zendframework/zend-view/src/Renderer/PhpRenderer.php(501): include()
#1 /home1/blessedm/gym2.blessedmusic.co/vendor/zendframework/zend-view/src/View.php(205): Zend\View\Renderer\PhpRenderer->render(NULL)
#2 /home1/blessedm/gym2.blessedmusic.co/vendor/zendframework/zend-mvc/src/View/Http/DefaultRenderingStrategy.php(103): Zend\View\View->render(Object(Zend\View\Model\ViewModel))
#3 [internal function]: Zend\Mvc\View\Http\DefaultRenderingStrategy->render(Object(Zend\Mvc\MvcEvent))
#4 /home1/blessedm/gym2.blessedmusic.co/vendor/zendframework/zend-eventmanager/src/EventManager.php(444): call_user_func(Array, Object(Zend\Mvc\MvcEvent))
#5 /home1/blessedm/gym2.blessedmusic.co/vendor/zendframework/zend-eventmanager/src/EventManager.php(205): Zend\Eve in /home1/blessedm/gym2.blessedmusic.co/module/Administracion/view/administracion/usuario/get-detalle-usuario.phtml on line 33
[02-Jan-2021 18:03:38 America/Bogota] PHP Fatal error:  Uncaught Error: Call to undefined method Administracion\Modelo\Entidades\Usuario::getSEXO() in /home1/blessedm/gym2.blessedmusic.co/module/Administracion/view/administracion/usuario/get-detalle-usuario.phtml:33
Stack trace:
#0 /home1/blessedm/gym2.blessedmusic.co/vendor/zendframework/zend-view/src/Renderer/PhpRenderer.php(501): include()
#1 /home1/blessedm/gym2.blessedmusic.co/vendor/zendframework/zend-view/src/View.php(205): Zend\View\Renderer\PhpRenderer->render(NULL)
#2 /home1/blessedm/gym2.blessedmusic.co/vendor/zendframework/zend-mvc/src/View/Http/DefaultRenderingStrategy.php(103): Zend\View\View->render(Object(Zend\View\Model\ViewModel))
#3 [internal function]: Zend\Mvc\View\Http\DefaultRenderingStrategy->render(Object(Zend\Mvc\MvcEvent))
#4 /home1/blessedm/gym2.blessedmusic.co/vendor/zendframework/zend-eventmanager/src/EventManager.php(444): call_user_func(Array, Object(Zend\Mvc\MvcEvent))
#5 /home1/blessedm/gym2.blessedmusic.co/vendor/zendframework/zend-eventmanager/src/EventManager.php(205): Zend\Eve in /home1/blessedm/gym2.blessedmusic.co/module/Administracion/view/administracion/usuario/get-detalle-usuario.phtml on line 33
[21-Jan-2021 21:01:54 America/Bogota] PHP Fatal error:  Uncaught Error: Call to undefined method Administracion\Modelo\Entidades\Usuario::getSEXO() in /home1/blessedm/gym2.blessedmusic.co/module/Administracion/view/administracion/usuario/get-detalle-usuario.phtml:33
Stack trace:
#0 /home1/blessedm/gym2.blessedmusic.co/vendor/zendframework/zend-view/src/Renderer/PhpRenderer.php(501): include()
#1 /home1/blessedm/gym2.blessedmusic.co/vendor/zendframework/zend-view/src/View.php(205): Zend\View\Renderer\PhpRenderer->render(NULL)
#2 /home1/blessedm/gym2.blessedmusic.co/vendor/zendframework/zend-mvc/src/View/Http/DefaultRenderingStrategy.php(103): Zend\View\View->render(Object(Zend\View\Model\ViewModel))
#3 [internal function]: Zend\Mvc\View\Http\DefaultRenderingStrategy->render(Object(Zend\Mvc\MvcEvent))
#4 /home1/blessedm/gym2.blessedmusic.co/vendor/zendframework/zend-eventmanager/src/EventManager.php(444): call_user_func(Array, Object(Zend\Mvc\MvcEvent))
#5 /home1/blessedm/gym2.blessedmusic.co/vendor/zendframework/zend-eventmanager/src/EventManager.php(205): Zend\Eve in /home1/blessedm/gym2.blessedmusic.co/module/Administracion/view/administracion/usuario/get-detalle-usuario.phtml on line 33
[13-Mar-2021 18:02:03 America/Bogota] PHP Fatal error:  Uncaught Error: Call to undefined method Administracion\Modelo\Entidades\Usuario::getSEXO() in /home1/blessedm/gym2.blessedmusic.co/module/Administracion/view/administracion/usuario/get-detalle-usuario.phtml:33
Stack trace:
#0 /home1/blessedm/gym2.blessedmusic.co/vendor/zendframework/zend-view/src/Renderer/PhpRenderer.php(501): include()
#1 /home1/blessedm/gym2.blessedmusic.co/vendor/zendframework/zend-view/src/View.php(205): Zend\View\Renderer\PhpRenderer->render(NULL)
#2 /home1/blessedm/gym2.blessedmusic.co/vendor/zendframework/zend-mvc/src/View/Http/DefaultRenderingStrategy.php(103): Zend\View\View->render(Object(Zend\View\Model\ViewModel))
#3 [internal function]: Zend\Mvc\View\Http\DefaultRenderingStrategy->render(Object(Zend\Mvc\MvcEvent))
#4 /home1/blessedm/gym2.blessedmusic.co/vendor/zendframework/zend-eventmanager/src/EventManager.php(444): call_user_func(Array, Object(Zend\Mvc\MvcEvent))
#5 /home1/blessedm/gym2.blessedmusic.co/vendor/zendframework/zend-eventmanager/src/EventManager.php(205): Zend\Eve in /home1/blessedm/gym2.blessedmusic.co/module/Administracion/view/administracion/usuario/get-detalle-usuario.phtml on line 33
[13-Mar-2021 18:02:28 America/Bogota] PHP Fatal error:  Uncaught Error: Call to undefined method Administracion\Modelo\Entidades\Usuario::getSEXO() in /home1/blessedm/gym2.blessedmusic.co/module/Administracion/view/administracion/usuario/get-detalle-usuario.phtml:33
Stack trace:
#0 /home1/blessedm/gym2.blessedmusic.co/vendor/zendframework/zend-view/src/Renderer/PhpRenderer.php(501): include()
#1 /home1/blessedm/gym2.blessedmusic.co/vendor/zendframework/zend-view/src/View.php(205): Zend\View\Renderer\PhpRenderer->render(NULL)
#2 /home1/blessedm/gym2.blessedmusic.co/vendor/zendframework/zend-mvc/src/View/Http/DefaultRenderingStrategy.php(103): Zend\View\View->render(Object(Zend\View\Model\ViewModel))
#3 [internal function]: Zend\Mvc\View\Http\DefaultRenderingStrategy->render(Object(Zend\Mvc\MvcEvent))
#4 /home1/blessedm/gym2.blessedmusic.co/vendor/zendframework/zend-eventmanager/src/EventManager.php(444): call_user_func(Array, Object(Zend\Mvc\MvcEvent))
#5 /home1/blessedm/gym2.blessedmusic.co/vendor/zendframework/zend-eventmanager/src/EventManager.php(205): Zend\Eve in /home1/blessedm/gym2.blessedmusic.co/module/Administracion/view/administracion/usuario/get-detalle-usuario.phtml on line 33
[13-Mar-2021 18:02:30 America/Bogota] PHP Fatal error:  Uncaught Error: Call to undefined method Administracion\Modelo\Entidades\Usuario::getSEXO() in /home1/blessedm/gym2.blessedmusic.co/module/Administracion/view/administracion/usuario/get-detalle-usuario.phtml:33
Stack trace:
#0 /home1/blessedm/gym2.blessedmusic.co/vendor/zendframework/zend-view/src/Renderer/PhpRenderer.php(501): include()
#1 /home1/blessedm/gym2.blessedmusic.co/vendor/zendframework/zend-view/src/View.php(205): Zend\View\Renderer\PhpRenderer->render(NULL)
#2 /home1/blessedm/gym2.blessedmusic.co/vendor/zendframework/zend-mvc/src/View/Http/DefaultRenderingStrategy.php(103): Zend\View\View->render(Object(Zend\View\Model\ViewModel))
#3 [internal function]: Zend\Mvc\View\Http\DefaultRenderingStrategy->render(Object(Zend\Mvc\MvcEvent))
#4 /home1/blessedm/gym2.blessedmusic.co/vendor/zendframework/zend-eventmanager/src/EventManager.php(444): call_user_func(Array, Object(Zend\Mvc\MvcEvent))
#5 /home1/blessedm/gym2.blessedmusic.co/vendor/zendframework/zend-eventmanager/src/EventManager.php(205): Zend\Eve in /home1/blessedm/gym2.blessedmusic.co/module/Administracion/view/administracion/usuario/get-detalle-usuario.phtml on line 33
[13-Mar-2021 18:02:33 America/Bogota] PHP Fatal error:  Uncaught Error: Call to undefined method Administracion\Modelo\Entidades\Usuario::getSEXO() in /home1/blessedm/gym2.blessedmusic.co/module/Administracion/view/administracion/usuario/get-detalle-usuario.phtml:33
Stack trace:
#0 /home1/blessedm/gym2.blessedmusic.co/vendor/zendframework/zend-view/src/Renderer/PhpRenderer.php(501): include()
#1 /home1/blessedm/gym2.blessedmusic.co/vendor/zendframework/zend-view/src/View.php(205): Zend\View\Renderer\PhpRenderer->render(NULL)
#2 /home1/blessedm/gym2.blessedmusic.co/vendor/zendframework/zend-mvc/src/View/Http/DefaultRenderingStrategy.php(103): Zend\View\View->render(Object(Zend\View\Model\ViewModel))
#3 [internal function]: Zend\Mvc\View\Http\DefaultRenderingStrategy->render(Object(Zend\Mvc\MvcEvent))
#4 /home1/blessedm/gym2.blessedmusic.co/vendor/zendframework/zend-eventmanager/src/EventManager.php(444): call_user_func(Array, Object(Zend\Mvc\MvcEvent))
#5 /home1/blessedm/gym2.blessedmusic.co/vendor/zendframework/zend-eventmanager/src/EventManager.php(205): Zend\Eve in /home1/blessedm/gym2.blessedmusic.co/module/Administracion/view/administracion/usuario/get-detalle-usuario.phtml on line 33
[24-Jul-2021 16:08:07 America/Bogota] PHP Fatal error:  Uncaught Error: Call to undefined method Administracion\Modelo\Entidades\Usuario::getSEXO() in /home1/blessedm/gym2.blessedmusic.co/module/Administracion/view/administracion/usuario/get-detalle-usuario.phtml:33
Stack trace:
#0 /home1/blessedm/gym2.blessedmusic.co/vendor/zendframework/zend-view/src/Renderer/PhpRenderer.php(501): include()
#1 /home1/blessedm/gym2.blessedmusic.co/vendor/zendframework/zend-view/src/View.php(205): Zend\View\Renderer\PhpRenderer->render(NULL)
#2 /home1/blessedm/gym2.blessedmusic.co/vendor/zendframework/zend-mvc/src/View/Http/DefaultRenderingStrategy.php(103): Zend\View\View->render(Object(Zend\View\Model\ViewModel))
#3 [internal function]: Zend\Mvc\View\Http\DefaultRenderingStrategy->render(Object(Zend\Mvc\MvcEvent))
#4 /home1/blessedm/gym2.blessedmusic.co/vendor/zendframework/zend-eventmanager/src/EventManager.php(444): call_user_func(Array, Object(Zend\Mvc\MvcEvent))
#5 /home1/blessedm/gym2.blessedmusic.co/vendor/zendframework/zend-eventmanager/src/EventManager.php(205): Zend\Eve in /home1/blessedm/gym2.blessedmusic.co/module/Administracion/view/administracion/usuario/get-detalle-usuario.phtml on line 33
[24-Jul-2021 16:08:21 America/Bogota] PHP Fatal error:  Uncaught Error: Call to undefined method Administracion\Modelo\Entidades\Usuario::getSEXO() in /home1/blessedm/gym2.blessedmusic.co/module/Administracion/view/administracion/usuario/get-detalle-usuario.phtml:33
Stack trace:
#0 /home1/blessedm/gym2.blessedmusic.co/vendor/zendframework/zend-view/src/Renderer/PhpRenderer.php(501): include()
#1 /home1/blessedm/gym2.blessedmusic.co/vendor/zendframework/zend-view/src/View.php(205): Zend\View\Renderer\PhpRenderer->render(NULL)
#2 /home1/blessedm/gym2.blessedmusic.co/vendor/zendframework/zend-mvc/src/View/Http/DefaultRenderingStrategy.php(103): Zend\View\View->render(Object(Zend\View\Model\ViewModel))
#3 [internal function]: Zend\Mvc\View\Http\DefaultRenderingStrategy->render(Object(Zend\Mvc\MvcEvent))
#4 /home1/blessedm/gym2.blessedmusic.co/vendor/zendframework/zend-eventmanager/src/EventManager.php(444): call_user_func(Array, Object(Zend\Mvc\MvcEvent))
#5 /home1/blessedm/gym2.blessedmusic.co/vendor/zendframework/zend-eventmanager/src/EventManager.php(205): Zend\Eve in /home1/blessedm/gym2.blessedmusic.co/module/Administracion/view/administracion/usuario/get-detalle-usuario.phtml on line 33
[24-Jul-2021 16:08:25 America/Bogota] PHP Fatal error:  Uncaught Error: Call to undefined method Administracion\Modelo\Entidades\Usuario::getSEXO() in /home1/blessedm/gym2.blessedmusic.co/module/Administracion/view/administracion/usuario/get-detalle-usuario.phtml:33
Stack trace:
#0 /home1/blessedm/gym2.blessedmusic.co/vendor/zendframework/zend-view/src/Renderer/PhpRenderer.php(501): include()
#1 /home1/blessedm/gym2.blessedmusic.co/vendor/zendframework/zend-view/src/View.php(205): Zend\View\Renderer\PhpRenderer->render(NULL)
#2 /home1/blessedm/gym2.blessedmusic.co/vendor/zendframework/zend-mvc/src/View/Http/DefaultRenderingStrategy.php(103): Zend\View\View->render(Object(Zend\View\Model\ViewModel))
#3 [internal function]: Zend\Mvc\View\Http\DefaultRenderingStrategy->render(Object(Zend\Mvc\MvcEvent))
#4 /home1/blessedm/gym2.blessedmusic.co/vendor/zendframework/zend-eventmanager/src/EventManager.php(444): call_user_func(Array, Object(Zend\Mvc\MvcEvent))
#5 /home1/blessedm/gym2.blessedmusic.co/vendor/zendframework/zend-eventmanager/src/EventManager.php(205): Zend\Eve in /home1/blessedm/gym2.blessedmusic.co/module/Administracion/view/administracion/usuario/get-detalle-usuario.phtml on line 33
[28-Jul-2021 21:37:44 America/Bogota] PHP Fatal error:  Uncaught Error: Call to undefined method Administracion\Modelo\Entidades\Usuario::getSEXO() in /home4/spartan4/app.spartansgym.space/module/Administracion/view/administracion/usuario/get-detalle-usuario.phtml:33
Stack trace:
#0 /home4/spartan4/app.spartansgym.space/vendor/zendframework/zend-view/src/Renderer/PhpRenderer.php(501): include()
#1 /home4/spartan4/app.spartansgym.space/vendor/zendframework/zend-view/src/View.php(205): Zend\View\Renderer\PhpRenderer->render(NULL)
#2 /home4/spartan4/app.spartansgym.space/vendor/zendframework/zend-mvc/src/View/Http/DefaultRenderingStrategy.php(103): Zend\View\View->render(Object(Zend\View\Model\ViewModel))
#3 [internal function]: Zend\Mvc\View\Http\DefaultRenderingStrategy->render(Object(Zend\Mvc\MvcEvent))
#4 /home4/spartan4/app.spartansgym.space/vendor/zendframework/zend-eventmanager/src/EventManager.php(444): call_user_func(Array, Object(Zend\Mvc\MvcEvent))
#5 /home4/spartan4/app.spartansgym.space/vendor/zendframework/zend-eventmanager/src/EventManager.php(205): Ze in /home4/spartan4/app.spartansgym.space/module/Administracion/view/administracion/usuario/get-detalle-usuario.phtml on line 33
[29-Jul-2021 11:06:47 America/Bogota] PHP Fatal error:  Uncaught Error: Call to undefined method Administracion\Modelo\Entidades\Usuario::getSEXO() in /home4/spartan4/app.spartansgym.space/module/Administracion/view/administracion/usuario/get-detalle-usuario.phtml:33
Stack trace:
#0 /home4/spartan4/app.spartansgym.space/vendor/zendframework/zend-view/src/Renderer/PhpRenderer.php(501): include()
#1 /home4/spartan4/app.spartansgym.space/vendor/zendframework/zend-view/src/View.php(205): Zend\View\Renderer\PhpRenderer->render(NULL)
#2 /home4/spartan4/app.spartansgym.space/vendor/zendframework/zend-mvc/src/View/Http/DefaultRenderingStrategy.php(103): Zend\View\View->render(Object(Zend\View\Model\ViewModel))
#3 [internal function]: Zend\Mvc\View\Http\DefaultRenderingStrategy->render(Object(Zend\Mvc\MvcEvent))
#4 /home4/spartan4/app.spartansgym.space/vendor/zendframework/zend-eventmanager/src/EventManager.php(444): call_user_func(Array, Object(Zend\Mvc\MvcEvent))
#5 /home4/spartan4/app.spartansgym.space/vendor/zendframework/zend-eventmanager/src/EventManager.php(205): Ze in /home4/spartan4/app.spartansgym.space/module/Administracion/view/administracion/usuario/get-detalle-usuario.phtml on line 33
[29-Jul-2021 11:31:01 America/Bogota] PHP Fatal error:  Uncaught Error: Call to undefined method Administracion\Modelo\Entidades\Usuario::getSEXO() in /home4/spartan4/app.spartansgym.space/module/Administracion/view/administracion/usuario/get-detalle-usuario.phtml:33
Stack trace:
#0 /home4/spartan4/app.spartansgym.space/vendor/zendframework/zend-view/src/Renderer/PhpRenderer.php(501): include()
#1 /home4/spartan4/app.spartansgym.space/vendor/zendframework/zend-view/src/View.php(205): Zend\View\Renderer\PhpRenderer->render(NULL)
#2 /home4/spartan4/app.spartansgym.space/vendor/zendframework/zend-mvc/src/View/Http/DefaultRenderingStrategy.php(103): Zend\View\View->render(Object(Zend\View\Model\ViewModel))
#3 [internal function]: Zend\Mvc\View\Http\DefaultRenderingStrategy->render(Object(Zend\Mvc\MvcEvent))
#4 /home4/spartan4/app.spartansgym.space/vendor/zendframework/zend-eventmanager/src/EventManager.php(444): call_user_func(Array, Object(Zend\Mvc\MvcEvent))
#5 /home4/spartan4/app.spartansgym.space/vendor/zendframework/zend-eventmanager/src/EventManager.php(205): Ze in /home4/spartan4/app.spartansgym.space/module/Administracion/view/administracion/usuario/get-detalle-usuario.phtml on line 33
[29-Jul-2021 11:31:18 America/Bogota] PHP Fatal error:  Uncaught Error: Call to undefined method Administracion\Modelo\Entidades\Usuario::getSEXO() in /home4/spartan4/app.spartansgym.space/module/Administracion/view/administracion/usuario/get-detalle-usuario.phtml:33
Stack trace:
#0 /home4/spartan4/app.spartansgym.space/vendor/zendframework/zend-view/src/Renderer/PhpRenderer.php(501): include()
#1 /home4/spartan4/app.spartansgym.space/vendor/zendframework/zend-view/src/View.php(205): Zend\View\Renderer\PhpRenderer->render(NULL)
#2 /home4/spartan4/app.spartansgym.space/vendor/zendframework/zend-mvc/src/View/Http/DefaultRenderingStrategy.php(103): Zend\View\View->render(Object(Zend\View\Model\ViewModel))
#3 [internal function]: Zend\Mvc\View\Http\DefaultRenderingStrategy->render(Object(Zend\Mvc\MvcEvent))
#4 /home4/spartan4/app.spartansgym.space/vendor/zendframework/zend-eventmanager/src/EventManager.php(444): call_user_func(Array, Object(Zend\Mvc\MvcEvent))
#5 /home4/spartan4/app.spartansgym.space/vendor/zendframework/zend-eventmanager/src/EventManager.php(205): Ze in /home4/spartan4/app.spartansgym.space/module/Administracion/view/administracion/usuario/get-detalle-usuario.phtml on line 33
[29-Jul-2021 11:31:41 America/Bogota] PHP Fatal error:  Uncaught Error: Call to undefined method Administracion\Modelo\Entidades\Usuario::getSEXO() in /home4/spartan4/app.spartansgym.space/module/Administracion/view/administracion/usuario/get-detalle-usuario.phtml:33
Stack trace:
#0 /home4/spartan4/app.spartansgym.space/vendor/zendframework/zend-view/src/Renderer/PhpRenderer.php(501): include()
#1 /home4/spartan4/app.spartansgym.space/vendor/zendframework/zend-view/src/View.php(205): Zend\View\Renderer\PhpRenderer->render(NULL)
#2 /home4/spartan4/app.spartansgym.space/vendor/zendframework/zend-mvc/src/View/Http/DefaultRenderingStrategy.php(103): Zend\View\View->render(Object(Zend\View\Model\ViewModel))
#3 [internal function]: Zend\Mvc\View\Http\DefaultRenderingStrategy->render(Object(Zend\Mvc\MvcEvent))
#4 /home4/spartan4/app.spartansgym.space/vendor/zendframework/zend-eventmanager/src/EventManager.php(444): call_user_func(Array, Object(Zend\Mvc\MvcEvent))
#5 /home4/spartan4/app.spartansgym.space/vendor/zendframework/zend-eventmanager/src/EventManager.php(205): Ze in /home4/spartan4/app.spartansgym.space/module/Administracion/view/administracion/usuario/get-detalle-usuario.phtml on line 33
[29-Jul-2021 11:31:50 America/Bogota] PHP Fatal error:  Uncaught Error: Call to a member function getSEXO() on null in /home4/spartan4/app.spartansgym.space/module/Administracion/view/administracion/usuario/get-detalle-usuario.phtml:33
Stack trace:
#0 /home4/spartan4/app.spartansgym.space/vendor/zendframework/zend-view/src/Renderer/PhpRenderer.php(501): include()
#1 /home4/spartan4/app.spartansgym.space/vendor/zendframework/zend-view/src/View.php(205): Zend\View\Renderer\PhpRenderer->render(NULL)
#2 /home4/spartan4/app.spartansgym.space/vendor/zendframework/zend-mvc/src/View/Http/DefaultRenderingStrategy.php(103): Zend\View\View->render(Object(Zend\View\Model\ViewModel))
#3 [internal function]: Zend\Mvc\View\Http\DefaultRenderingStrategy->render(Object(Zend\Mvc\MvcEvent))
#4 /home4/spartan4/app.spartansgym.space/vendor/zendframework/zend-eventmanager/src/EventManager.php(444): call_user_func(Array, Object(Zend\Mvc\MvcEvent))
#5 /home4/spartan4/app.spartansgym.space/vendor/zendframework/zend-eventmanager/src/EventManager.php(205): Zend\EventManager\EventManager->tr in /home4/spartan4/app.spartansgym.space/module/Administracion/view/administracion/usuario/get-detalle-usuario.phtml on line 33
[29-Jul-2021 11:38:29 America/Bogota] PHP Fatal error:  Uncaught Error: Call to undefined method Administracion\Modelo\Entidades\Usuario::getSEXO() in /home4/spartan4/app.spartansgym.space/module/Administracion/view/administracion/usuario/get-detalle-usuario.phtml:7
Stack trace:
#0 /home4/spartan4/app.spartansgym.space/vendor/zendframework/zend-view/src/Renderer/PhpRenderer.php(501): include()
#1 /home4/spartan4/app.spartansgym.space/vendor/zendframework/zend-view/src/View.php(205): Zend\View\Renderer\PhpRenderer->render(NULL)
#2 /home4/spartan4/app.spartansgym.space/vendor/zendframework/zend-mvc/src/View/Http/DefaultRenderingStrategy.php(103): Zend\View\View->render(Object(Zend\View\Model\ViewModel))
#3 [internal function]: Zend\Mvc\View\Http\DefaultRenderingStrategy->render(Object(Zend\Mvc\MvcEvent))
#4 /home4/spartan4/app.spartansgym.space/vendor/zendframework/zend-eventmanager/src/EventManager.php(444): call_user_func(Array, Object(Zend\Mvc\MvcEvent))
#5 /home4/spartan4/app.spartansgym.space/vendor/zendframework/zend-eventmanager/src/EventManager.php(205): Zen in /home4/spartan4/app.spartansgym.space/module/Administracion/view/administracion/usuario/get-detalle-usuario.phtml on line 7
[29-Jul-2021 11:45:20 America/Bogota] PHP Fatal error:  Uncaught Error: Call to undefined method Administracion\Modelo\Entidades\Usuario::getIDENTIFICACION() in /home4/spartan4/app.spartansgym.space/module/Administracion/view/administracion/usuario/get-detalle-usuario.phtml:51
Stack trace:
#0 /home4/spartan4/app.spartansgym.space/vendor/zendframework/zend-view/src/Renderer/PhpRenderer.php(501): include()
#1 /home4/spartan4/app.spartansgym.space/vendor/zendframework/zend-view/src/View.php(205): Zend\View\Renderer\PhpRenderer->render(NULL)
#2 /home4/spartan4/app.spartansgym.space/vendor/zendframework/zend-mvc/src/View/Http/DefaultRenderingStrategy.php(103): Zend\View\View->render(Object(Zend\View\Model\ViewModel))
#3 [internal function]: Zend\Mvc\View\Http\DefaultRenderingStrategy->render(Object(Zend\Mvc\MvcEvent))
#4 /home4/spartan4/app.spartansgym.space/vendor/zendframework/zend-eventmanager/src/EventManager.php(444): call_user_func(Array, Object(Zend\Mvc\MvcEvent))
#5 /home4/spartan4/app.spartansgym.space/vendor/zendframework/zend-eventmanager/src/EventManager.ph in /home4/spartan4/app.spartansgym.space/module/Administracion/view/administracion/usuario/get-detalle-usuario.phtml on line 51
[29-Jul-2021 14:54:59 America/Bogota] PHP Fatal error:  Uncaught Error: Call to a member function getGenero() on null in /home4/spartan4/app.spartansgym.space/module/Administracion/view/administracion/usuario/get-detalle-usuario.phtml:33
Stack trace:
#0 /home4/spartan4/app.spartansgym.space/vendor/zendframework/zend-view/src/Renderer/PhpRenderer.php(501): include()
#1 /home4/spartan4/app.spartansgym.space/vendor/zendframework/zend-view/src/View.php(205): Zend\View\Renderer\PhpRenderer->render(NULL)
#2 /home4/spartan4/app.spartansgym.space/vendor/zendframework/zend-mvc/src/View/Http/DefaultRenderingStrategy.php(103): Zend\View\View->render(Object(Zend\View\Model\ViewModel))
#3 [internal function]: Zend\Mvc\View\Http\DefaultRenderingStrategy->render(Object(Zend\Mvc\MvcEvent))
#4 /home4/spartan4/app.spartansgym.space/vendor/zendframework/zend-eventmanager/src/EventManager.php(444): call_user_func(Array, Object(Zend\Mvc\MvcEvent))
#5 /home4/spartan4/app.spartansgym.space/vendor/zendframework/zend-eventmanager/src/EventManager.php(205): Zend\EventManager\EventManager-> in /home4/spartan4/app.spartansgym.space/module/Administracion/view/administracion/usuario/get-detalle-usuario.phtml on line 33
[01-Aug-2021 09:41:30 America/Bogota] PHP Warning:  Invalid argument supplied for foreach() in /home4/spartan4/app.spartansgym.space/module/Administracion/view/administracion/asistencia/formulario.phtml on line 25
[01-Aug-2021 11:27:03 America/Bogota] PHP Fatal error:  Uncaught Zend\Escaper\Exception\RuntimeException: String to be escaped was not valid UTF-8 or could not be converted: return confirm("¢Ä DESEA REGISTRAR ESTE EJERCICIO ?") in /home4/spartan4/app.spartansgym.space/vendor/zendframework/zend-escaper/src/Escaper.php:323
Stack trace:
#0 /home4/spartan4/app.spartansgym.space/vendor/zendframework/zend-escaper/src/Escaper.php(161): Zend\Escaper\Escaper->toUtf8('return confirm(...')
#1 /home4/spartan4/app.spartansgym.space/vendor/zendframework/zend-view/src/Helper/EscapeHtmlAttr.php(25): Zend\Escaper\Escaper->escapeHtmlAttr('return confirm(...')
#2 /home4/spartan4/app.spartansgym.space/vendor/zendframework/zend-view/src/Helper/Escaper/AbstractHelper.php(51): Zend\View\Helper\EscapeHtmlAttr->escape('return confirm(...')
#3 /home4/spartan4/app.spartansgym.space/vendor/zendframework/zend-form/src/View/Helper/AbstractHelper.php(232): Zend\View\Helper\Escaper\AbstractHelper->__invoke('return confirm(...')
#4 /home4/spartan4/app.spartansgym.space/vendor/zendframework/zend- in /home4/spartan4/app.spartansgym.space/vendor/zendframework/zend-escaper/src/Escaper.php on line 323
[01-Aug-2021 11:27:05 America/Bogota] PHP Fatal error:  Uncaught Zend\Escaper\Exception\RuntimeException: String to be escaped was not valid UTF-8 or could not be converted: return confirm("¢Ä DESEA REGISTRAR ESTE EJERCICIO ?") in /home4/spartan4/app.spartansgym.space/vendor/zendframework/zend-escaper/src/Escaper.php:323
Stack trace:
#0 /home4/spartan4/app.spartansgym.space/vendor/zendframework/zend-escaper/src/Escaper.php(161): Zend\Escaper\Escaper->toUtf8('return confirm(...')
#1 /home4/spartan4/app.spartansgym.space/vendor/zendframework/zend-view/src/Helper/EscapeHtmlAttr.php(25): Zend\Escaper\Escaper->escapeHtmlAttr('return confirm(...')
#2 /home4/spartan4/app.spartansgym.space/vendor/zendframework/zend-view/src/Helper/Escaper/AbstractHelper.php(51): Zend\View\Helper\EscapeHtmlAttr->escape('return confirm(...')
#3 /home4/spartan4/app.spartansgym.space/vendor/zendframework/zend-form/src/View/Helper/AbstractHelper.php(232): Zend\View\Helper\Escaper\AbstractHelper->__invoke('return confirm(...')
#4 /home4/spartan4/app.spartansgym.space/vendor/zendframework/zend- in /home4/spartan4/app.spartansgym.space/vendor/zendframework/zend-escaper/src/Escaper.php on line 323
[01-Aug-2021 11:27:11 America/Bogota] PHP Fatal error:  Uncaught Zend\Escaper\Exception\RuntimeException: String to be escaped was not valid UTF-8 or could not be converted: return confirm("¢Ä DESEA REGISTRAR ESTE EJERCICIO ?") in /home4/spartan4/app.spartansgym.space/vendor/zendframework/zend-escaper/src/Escaper.php:323
Stack trace:
#0 /home4/spartan4/app.spartansgym.space/vendor/zendframework/zend-escaper/src/Escaper.php(161): Zend\Escaper\Escaper->toUtf8('return confirm(...')
#1 /home4/spartan4/app.spartansgym.space/vendor/zendframework/zend-view/src/Helper/EscapeHtmlAttr.php(25): Zend\Escaper\Escaper->escapeHtmlAttr('return confirm(...')
#2 /home4/spartan4/app.spartansgym.space/vendor/zendframework/zend-view/src/Helper/Escaper/AbstractHelper.php(51): Zend\View\Helper\EscapeHtmlAttr->escape('return confirm(...')
#3 /home4/spartan4/app.spartansgym.space/vendor/zendframework/zend-form/src/View/Helper/AbstractHelper.php(232): Zend\View\Helper\Escaper\AbstractHelper->__invoke('return confirm(...')
#4 /home4/spartan4/app.spartansgym.space/vendor/zendframework/zend- in /home4/spartan4/app.spartansgym.space/vendor/zendframework/zend-escaper/src/Escaper.php on line 323
[01-Aug-2021 11:28:56 America/Bogota] PHP Fatal error:  Uncaught Zend\Escaper\Exception\RuntimeException: String to be escaped was not valid UTF-8 or could not be converted: return confirm("¢Ä DESEA REGISTRAR ESTE EJERCICIO ?") in /home4/spartan4/app.spartansgym.space/vendor/zendframework/zend-escaper/src/Escaper.php:323
Stack trace:
#0 /home4/spartan4/app.spartansgym.space/vendor/zendframework/zend-escaper/src/Escaper.php(161): Zend\Escaper\Escaper->toUtf8('return confirm(...')
#1 /home4/spartan4/app.spartansgym.space/vendor/zendframework/zend-view/src/Helper/EscapeHtmlAttr.php(25): Zend\Escaper\Escaper->escapeHtmlAttr('return confirm(...')
#2 /home4/spartan4/app.spartansgym.space/vendor/zendframework/zend-view/src/Helper/Escaper/AbstractHelper.php(51): Zend\View\Helper\EscapeHtmlAttr->escape('return confirm(...')
#3 /home4/spartan4/app.spartansgym.space/vendor/zendframework/zend-form/src/View/Helper/AbstractHelper.php(232): Zend\View\Helper\Escaper\AbstractHelper->__invoke('return confirm(...')
#4 /home4/spartan4/app.spartansgym.space/vendor/zendframework/zend- in /home4/spartan4/app.spartansgym.space/vendor/zendframework/zend-escaper/src/Escaper.php on line 323
[01-Aug-2021 11:29:13 America/Bogota] PHP Fatal error:  Uncaught Zend\Escaper\Exception\RuntimeException: String to be escaped was not valid UTF-8 or could not be converted: return confirm("¢Ä DESEA REGISTRAR ESTE EJERCICIO ?") in /home4/spartan4/app.spartansgym.space/vendor/zendframework/zend-escaper/src/Escaper.php:323
Stack trace:
#0 /home4/spartan4/app.spartansgym.space/vendor/zendframework/zend-escaper/src/Escaper.php(161): Zend\Escaper\Escaper->toUtf8('return confirm(...')
#1 /home4/spartan4/app.spartansgym.space/vendor/zendframework/zend-view/src/Helper/EscapeHtmlAttr.php(25): Zend\Escaper\Escaper->escapeHtmlAttr('return confirm(...')
#2 /home4/spartan4/app.spartansgym.space/vendor/zendframework/zend-view/src/Helper/Escaper/AbstractHelper.php(51): Zend\View\Helper\EscapeHtmlAttr->escape('return confirm(...')
#3 /home4/spartan4/app.spartansgym.space/vendor/zendframework/zend-form/src/View/Helper/AbstractHelper.php(232): Zend\View\Helper\Escaper\AbstractHelper->__invoke('return confirm(...')
#4 /home4/spartan4/app.spartansgym.space/vendor/zendframework/zend- in /home4/spartan4/app.spartansgym.space/vendor/zendframework/zend-escaper/src/Escaper.php on line 323
[01-Aug-2021 11:29:24 America/Bogota] PHP Fatal error:  Uncaught Zend\Escaper\Exception\RuntimeException: String to be escaped was not valid UTF-8 or could not be converted: return confirm("¢Ä DESEA REGISTRAR ESTE EJERCICIO ?") in /home4/spartan4/app.spartansgym.space/vendor/zendframework/zend-escaper/src/Escaper.php:323
Stack trace:
#0 /home4/spartan4/app.spartansgym.space/vendor/zendframework/zend-escaper/src/Escaper.php(161): Zend\Escaper\Escaper->toUtf8('return confirm(...')
#1 /home4/spartan4/app.spartansgym.space/vendor/zendframework/zend-view/src/Helper/EscapeHtmlAttr.php(25): Zend\Escaper\Escaper->escapeHtmlAttr('return confirm(...')
#2 /home4/spartan4/app.spartansgym.space/vendor/zendframework/zend-view/src/Helper/Escaper/AbstractHelper.php(51): Zend\View\Helper\EscapeHtmlAttr->escape('return confirm(...')
#3 /home4/spartan4/app.spartansgym.space/vendor/zendframework/zend-form/src/View/Helper/AbstractHelper.php(232): Zend\View\Helper\Escaper\AbstractHelper->__invoke('return confirm(...')
#4 /home4/spartan4/app.spartansgym.space/vendor/zendframework/zend- in /home4/spartan4/app.spartansgym.space/vendor/zendframework/zend-escaper/src/Escaper.php on line 323
[01-Aug-2021 11:32:25 America/Bogota] PHP Fatal error:  Uncaught Zend\Escaper\Exception\RuntimeException: String to be escaped was not valid UTF-8 or could not be converted: return confirm("¢Ä DESEA REGISTRAR ESTE EJERCICIO ?") in /home4/spartan4/app.spartansgym.space/vendor/zendframework/zend-escaper/src/Escaper.php:323
Stack trace:
#0 /home4/spartan4/app.spartansgym.space/vendor/zendframework/zend-escaper/src/Escaper.php(161): Zend\Escaper\Escaper->toUtf8('return confirm(...')
#1 /home4/spartan4/app.spartansgym.space/vendor/zendframework/zend-view/src/Helper/EscapeHtmlAttr.php(25): Zend\Escaper\Escaper->escapeHtmlAttr('return confirm(...')
#2 /home4/spartan4/app.spartansgym.space/vendor/zendframework/zend-view/src/Helper/Escaper/AbstractHelper.php(51): Zend\View\Helper\EscapeHtmlAttr->escape('return confirm(...')
#3 /home4/spartan4/app.spartansgym.space/vendor/zendframework/zend-form/src/View/Helper/AbstractHelper.php(232): Zend\View\Helper\Escaper\AbstractHelper->__invoke('return confirm(...')
#4 /home4/spartan4/app.spartansgym.space/vendor/zendframework/zend- in /home4/spartan4/app.spartansgym.space/vendor/zendframework/zend-escaper/src/Escaper.php on line 323
[01-Aug-2021 11:38:48 America/Bogota] PHP Fatal error:  Uncaught Zend\Escaper\Exception\RuntimeException: String to be escaped was not valid UTF-8 or could not be converted: return confirm("¢Ä DESEA REGISTRAR ESTE EJERCICIO ?") in /home4/spartan4/app.spartansgym.space/vendor/zendframework/zend-escaper/src/Escaper.php:323
Stack trace:
#0 /home4/spartan4/app.spartansgym.space/vendor/zendframework/zend-escaper/src/Escaper.php(161): Zend\Escaper\Escaper->toUtf8('return confirm(...')
#1 /home4/spartan4/app.spartansgym.space/vendor/zendframework/zend-view/src/Helper/EscapeHtmlAttr.php(25): Zend\Escaper\Escaper->escapeHtmlAttr('return confirm(...')
#2 /home4/spartan4/app.spartansgym.space/vendor/zendframework/zend-view/src/Helper/Escaper/AbstractHelper.php(51): Zend\View\Helper\EscapeHtmlAttr->escape('return confirm(...')
#3 /home4/spartan4/app.spartansgym.space/vendor/zendframework/zend-form/src/View/Helper/AbstractHelper.php(232): Zend\View\Helper\Escaper\AbstractHelper->__invoke('return confirm(...')
#4 /home4/spartan4/app.spartansgym.space/vendor/zendframework/zend- in /home4/spartan4/app.spartansgym.space/vendor/zendframework/zend-escaper/src/Escaper.php on line 323
[01-Aug-2021 11:40:05 America/Bogota] PHP Fatal error:  Uncaught Zend\Escaper\Exception\RuntimeException: String to be escaped was not valid UTF-8 or could not be converted: return confirm("¢Ä DESEA REGISTRAR ESTE EJERCICIO ?") in /home4/spartan4/app.spartansgym.space/vendor/zendframework/zend-escaper/src/Escaper.php:323
Stack trace:
#0 /home4/spartan4/app.spartansgym.space/vendor/zendframework/zend-escaper/src/Escaper.php(161): Zend\Escaper\Escaper->toUtf8('return confirm(...')
#1 /home4/spartan4/app.spartansgym.space/vendor/zendframework/zend-view/src/Helper/EscapeHtmlAttr.php(25): Zend\Escaper\Escaper->escapeHtmlAttr('return confirm(...')
#2 /home4/spartan4/app.spartansgym.space/vendor/zendframework/zend-view/src/Helper/Escaper/AbstractHelper.php(51): Zend\View\Helper\EscapeHtmlAttr->escape('return confirm(...')
#3 /home4/spartan4/app.spartansgym.space/vendor/zendframework/zend-form/src/View/Helper/AbstractHelper.php(232): Zend\View\Helper\Escaper\AbstractHelper->__invoke('return confirm(...')
#4 /home4/spartan4/app.spartansgym.space/vendor/zendframework/zend- in /home4/spartan4/app.spartansgym.space/vendor/zendframework/zend-escaper/src/Escaper.php on line 323
[01-Aug-2021 11:40:07 America/Bogota] PHP Fatal error:  Uncaught Zend\Escaper\Exception\RuntimeException: String to be escaped was not valid UTF-8 or could not be converted: return confirm("¢Ä DESEA REGISTRAR ESTE EJERCICIO ?") in /home4/spartan4/app.spartansgym.space/vendor/zendframework/zend-escaper/src/Escaper.php:323
Stack trace:
#0 /home4/spartan4/app.spartansgym.space/vendor/zendframework/zend-escaper/src/Escaper.php(161): Zend\Escaper\Escaper->toUtf8('return confirm(...')
#1 /home4/spartan4/app.spartansgym.space/vendor/zendframework/zend-view/src/Helper/EscapeHtmlAttr.php(25): Zend\Escaper\Escaper->escapeHtmlAttr('return confirm(...')
#2 /home4/spartan4/app.spartansgym.space/vendor/zendframework/zend-view/src/Helper/Escaper/AbstractHelper.php(51): Zend\View\Helper\EscapeHtmlAttr->escape('return confirm(...')
#3 /home4/spartan4/app.spartansgym.space/vendor/zendframework/zend-form/src/View/Helper/AbstractHelper.php(232): Zend\View\Helper\Escaper\AbstractHelper->__invoke('return confirm(...')
#4 /home4/spartan4/app.spartansgym.space/vendor/zendframework/zend- in /home4/spartan4/app.spartansgym.space/vendor/zendframework/zend-escaper/src/Escaper.php on line 323
[01-Aug-2021 11:40:09 America/Bogota] PHP Fatal error:  Uncaught Zend\Escaper\Exception\RuntimeException: String to be escaped was not valid UTF-8 or could not be converted: return confirm("¢Ä DESEA REGISTRAR ESTE EJERCICIO ?") in /home4/spartan4/app.spartansgym.space/vendor/zendframework/zend-escaper/src/Escaper.php:323
Stack trace:
#0 /home4/spartan4/app.spartansgym.space/vendor/zendframework/zend-escaper/src/Escaper.php(161): Zend\Escaper\Escaper->toUtf8('return confirm(...')
#1 /home4/spartan4/app.spartansgym.space/vendor/zendframework/zend-view/src/Helper/EscapeHtmlAttr.php(25): Zend\Escaper\Escaper->escapeHtmlAttr('return confirm(...')
#2 /home4/spartan4/app.spartansgym.space/vendor/zendframework/zend-view/src/Helper/Escaper/AbstractHelper.php(51): Zend\View\Helper\EscapeHtmlAttr->escape('return confirm(...')
#3 /home4/spartan4/app.spartansgym.space/vendor/zendframework/zend-form/src/View/Helper/AbstractHelper.php(232): Zend\View\Helper\Escaper\AbstractHelper->__invoke('return confirm(...')
#4 /home4/spartan4/app.spartansgym.space/vendor/zendframework/zend- in /home4/spartan4/app.spartansgym.space/vendor/zendframework/zend-escaper/src/Escaper.php on line 323
[01-Aug-2021 11:40:18 America/Bogota] PHP Fatal error:  Uncaught Zend\Escaper\Exception\RuntimeException: String to be escaped was not valid UTF-8 or could not be converted: return confirm("¢Ä DESEA REGISTRAR ESTE EJERCICIO ?") in /home4/spartan4/app.spartansgym.space/vendor/zendframework/zend-escaper/src/Escaper.php:323
Stack trace:
#0 /home4/spartan4/app.spartansgym.space/vendor/zendframework/zend-escaper/src/Escaper.php(161): Zend\Escaper\Escaper->toUtf8('return confirm(...')
#1 /home4/spartan4/app.spartansgym.space/vendor/zendframework/zend-view/src/Helper/EscapeHtmlAttr.php(25): Zend\Escaper\Escaper->escapeHtmlAttr('return confirm(...')
#2 /home4/spartan4/app.spartansgym.space/vendor/zendframework/zend-view/src/Helper/Escaper/AbstractHelper.php(51): Zend\View\Helper\EscapeHtmlAttr->escape('return confirm(...')
#3 /home4/spartan4/app.spartansgym.space/vendor/zendframework/zend-form/src/View/Helper/AbstractHelper.php(232): Zend\View\Helper\Escaper\AbstractHelper->__invoke('return confirm(...')
#4 /home4/spartan4/app.spartansgym.space/vendor/zendframework/zend- in /home4/spartan4/app.spartansgym.space/vendor/zendframework/zend-escaper/src/Escaper.php on line 323
[01-Aug-2021 11:43:15 America/Bogota] PHP Fatal error:  Uncaught Zend\Escaper\Exception\RuntimeException: String to be escaped was not valid UTF-8 or could not be converted: return confirm("¢Ä DESEA REGISTRAR ESTE EJERCICIO ?") in /home4/spartan4/app.spartansgym.space/vendor/zendframework/zend-escaper/src/Escaper.php:323
Stack trace:
#0 /home4/spartan4/app.spartansgym.space/vendor/zendframework/zend-escaper/src/Escaper.php(161): Zend\Escaper\Escaper->toUtf8('return confirm(...')
#1 /home4/spartan4/app.spartansgym.space/vendor/zendframework/zend-view/src/Helper/EscapeHtmlAttr.php(25): Zend\Escaper\Escaper->escapeHtmlAttr('return confirm(...')
#2 /home4/spartan4/app.spartansgym.space/vendor/zendframework/zend-view/src/Helper/Escaper/AbstractHelper.php(51): Zend\View\Helper\EscapeHtmlAttr->escape('return confirm(...')
#3 /home4/spartan4/app.spartansgym.space/vendor/zendframework/zend-form/src/View/Helper/AbstractHelper.php(232): Zend\View\Helper\Escaper\AbstractHelper->__invoke('return confirm(...')
#4 /home4/spartan4/app.spartansgym.space/vendor/zendframework/zend- in /home4/spartan4/app.spartansgym.space/vendor/zendframework/zend-escaper/src/Escaper.php on line 323
[01-Aug-2021 11:43:16 America/Bogota] PHP Fatal error:  Uncaught Zend\Escaper\Exception\RuntimeException: String to be escaped was not valid UTF-8 or could not be converted: return confirm("¢Ä DESEA REGISTRAR ESTE EJERCICIO ?") in /home4/spartan4/app.spartansgym.space/vendor/zendframework/zend-escaper/src/Escaper.php:323
Stack trace:
#0 /home4/spartan4/app.spartansgym.space/vendor/zendframework/zend-escaper/src/Escaper.php(161): Zend\Escaper\Escaper->toUtf8('return confirm(...')
#1 /home4/spartan4/app.spartansgym.space/vendor/zendframework/zend-view/src/Helper/EscapeHtmlAttr.php(25): Zend\Escaper\Escaper->escapeHtmlAttr('return confirm(...')
#2 /home4/spartan4/app.spartansgym.space/vendor/zendframework/zend-view/src/Helper/Escaper/AbstractHelper.php(51): Zend\View\Helper\EscapeHtmlAttr->escape('return confirm(...')
#3 /home4/spartan4/app.spartansgym.space/vendor/zendframework/zend-form/src/View/Helper/AbstractHelper.php(232): Zend\View\Helper\Escaper\AbstractHelper->__invoke('return confirm(...')
#4 /home4/spartan4/app.spartansgym.space/vendor/zendframework/zend- in /home4/spartan4/app.spartansgym.space/vendor/zendframework/zend-escaper/src/Escaper.php on line 323
[01-Aug-2021 11:44:20 America/Bogota] PHP Fatal error:  Uncaught Zend\Escaper\Exception\RuntimeException: String to be escaped was not valid UTF-8 or could not be converted: return confirm("¢Ä DESEA REGISTRAR ESTE EJERCICIO ?") in /home4/spartan4/app.spartansgym.space/vendor/zendframework/zend-escaper/src/Escaper.php:323
Stack trace:
#0 /home4/spartan4/app.spartansgym.space/vendor/zendframework/zend-escaper/src/Escaper.php(161): Zend\Escaper\Escaper->toUtf8('return confirm(...')
#1 /home4/spartan4/app.spartansgym.space/vendor/zendframework/zend-view/src/Helper/EscapeHtmlAttr.php(25): Zend\Escaper\Escaper->escapeHtmlAttr('return confirm(...')
#2 /home4/spartan4/app.spartansgym.space/vendor/zendframework/zend-view/src/Helper/Escaper/AbstractHelper.php(51): Zend\View\Helper\EscapeHtmlAttr->escape('return confirm(...')
#3 /home4/spartan4/app.spartansgym.space/vendor/zendframework/zend-form/src/View/Helper/AbstractHelper.php(232): Zend\View\Helper\Escaper\AbstractHelper->__invoke('return confirm(...')
#4 /home4/spartan4/app.spartansgym.space/vendor/zendframework/zend- in /home4/spartan4/app.spartansgym.space/vendor/zendframework/zend-escaper/src/Escaper.php on line 323
[01-Aug-2021 11:44:21 America/Bogota] PHP Fatal error:  Uncaught Zend\Escaper\Exception\RuntimeException: String to be escaped was not valid UTF-8 or could not be converted: return confirm("¢Ä DESEA REGISTRAR ESTE EJERCICIO ?") in /home4/spartan4/app.spartansgym.space/vendor/zendframework/zend-escaper/src/Escaper.php:323
Stack trace:
#0 /home4/spartan4/app.spartansgym.space/vendor/zendframework/zend-escaper/src/Escaper.php(161): Zend\Escaper\Escaper->toUtf8('return confirm(...')
#1 /home4/spartan4/app.spartansgym.space/vendor/zendframework/zend-view/src/Helper/EscapeHtmlAttr.php(25): Zend\Escaper\Escaper->escapeHtmlAttr('return confirm(...')
#2 /home4/spartan4/app.spartansgym.space/vendor/zendframework/zend-view/src/Helper/Escaper/AbstractHelper.php(51): Zend\View\Helper\EscapeHtmlAttr->escape('return confirm(...')
#3 /home4/spartan4/app.spartansgym.space/vendor/zendframework/zend-form/src/View/Helper/AbstractHelper.php(232): Zend\View\Helper\Escaper\AbstractHelper->__invoke('return confirm(...')
#4 /home4/spartan4/app.spartansgym.space/vendor/zendframework/zend- in /home4/spartan4/app.spartansgym.space/vendor/zendframework/zend-escaper/src/Escaper.php on line 323
[01-Aug-2021 12:07:52 America/Bogota] PHP Fatal error:  Uncaught Zend\Escaper\Exception\RuntimeException: String to be escaped was not valid UTF-8 or could not be converted: return confirm("¢Ä DESEA REGISTRAR ESTE EJERCICIO ?") in /home4/spartan4/app.spartansgym.space/vendor/zendframework/zend-escaper/src/Escaper.php:323
Stack trace:
#0 /home4/spartan4/app.spartansgym.space/vendor/zendframework/zend-escaper/src/Escaper.php(161): Zend\Escaper\Escaper->toUtf8('return confirm(...')
#1 /home4/spartan4/app.spartansgym.space/vendor/zendframework/zend-view/src/Helper/EscapeHtmlAttr.php(25): Zend\Escaper\Escaper->escapeHtmlAttr('return confirm(...')
#2 /home4/spartan4/app.spartansgym.space/vendor/zendframework/zend-view/src/Helper/Escaper/AbstractHelper.php(51): Zend\View\Helper\EscapeHtmlAttr->escape('return confirm(...')
#3 /home4/spartan4/app.spartansgym.space/vendor/zendframework/zend-form/src/View/Helper/AbstractHelper.php(232): Zend\View\Helper\Escaper\AbstractHelper->__invoke('return confirm(...')
#4 /home4/spartan4/app.spartansgym.space/vendor/zendframework/zend- in /home4/spartan4/app.spartansgym.space/vendor/zendframework/zend-escaper/src/Escaper.php on line 323
[01-Aug-2021 12:07:54 America/Bogota] PHP Fatal error:  Uncaught Zend\Escaper\Exception\RuntimeException: String to be escaped was not valid UTF-8 or could not be converted: return confirm("¢Ä DESEA REGISTRAR ESTE EJERCICIO ?") in /home4/spartan4/app.spartansgym.space/vendor/zendframework/zend-escaper/src/Escaper.php:323
Stack trace:
#0 /home4/spartan4/app.spartansgym.space/vendor/zendframework/zend-escaper/src/Escaper.php(161): Zend\Escaper\Escaper->toUtf8('return confirm(...')
#1 /home4/spartan4/app.spartansgym.space/vendor/zendframework/zend-view/src/Helper/EscapeHtmlAttr.php(25): Zend\Escaper\Escaper->escapeHtmlAttr('return confirm(...')
#2 /home4/spartan4/app.spartansgym.space/vendor/zendframework/zend-view/src/Helper/Escaper/AbstractHelper.php(51): Zend\View\Helper\EscapeHtmlAttr->escape('return confirm(...')
#3 /home4/spartan4/app.spartansgym.space/vendor/zendframework/zend-form/src/View/Helper/AbstractHelper.php(232): Zend\View\Helper\Escaper\AbstractHelper->__invoke('return confirm(...')
#4 /home4/spartan4/app.spartansgym.space/vendor/zendframework/zend- in /home4/spartan4/app.spartansgym.space/vendor/zendframework/zend-escaper/src/Escaper.php on line 323
[01-Aug-2021 12:07:56 America/Bogota] PHP Fatal error:  Uncaught Zend\Escaper\Exception\RuntimeException: String to be escaped was not valid UTF-8 or could not be converted: return confirm("¢Ä DESEA REGISTRAR ESTE EJERCICIO ?") in /home4/spartan4/app.spartansgym.space/vendor/zendframework/zend-escaper/src/Escaper.php:323
Stack trace:
#0 /home4/spartan4/app.spartansgym.space/vendor/zendframework/zend-escaper/src/Escaper.php(161): Zend\Escaper\Escaper->toUtf8('return confirm(...')
#1 /home4/spartan4/app.spartansgym.space/vendor/zendframework/zend-view/src/Helper/EscapeHtmlAttr.php(25): Zend\Escaper\Escaper->escapeHtmlAttr('return confirm(...')
#2 /home4/spartan4/app.spartansgym.space/vendor/zendframework/zend-view/src/Helper/Escaper/AbstractHelper.php(51): Zend\View\Helper\EscapeHtmlAttr->escape('return confirm(...')
#3 /home4/spartan4/app.spartansgym.space/vendor/zendframework/zend-form/src/View/Helper/AbstractHelper.php(232): Zend\View\Helper\Escaper\AbstractHelper->__invoke('return confirm(...')
#4 /home4/spartan4/app.spartansgym.space/vendor/zendframework/zend- in /home4/spartan4/app.spartansgym.space/vendor/zendframework/zend-escaper/src/Escaper.php on line 323
[01-Aug-2021 12:07:57 America/Bogota] PHP Fatal error:  Uncaught Zend\Escaper\Exception\RuntimeException: String to be escaped was not valid UTF-8 or could not be converted: return confirm("¢Ä DESEA REGISTRAR ESTE EJERCICIO ?") in /home4/spartan4/app.spartansgym.space/vendor/zendframework/zend-escaper/src/Escaper.php:323
Stack trace:
#0 /home4/spartan4/app.spartansgym.space/vendor/zendframework/zend-escaper/src/Escaper.php(161): Zend\Escaper\Escaper->toUtf8('return confirm(...')
#1 /home4/spartan4/app.spartansgym.space/vendor/zendframework/zend-view/src/Helper/EscapeHtmlAttr.php(25): Zend\Escaper\Escaper->escapeHtmlAttr('return confirm(...')
#2 /home4/spartan4/app.spartansgym.space/vendor/zendframework/zend-view/src/Helper/Escaper/AbstractHelper.php(51): Zend\View\Helper\EscapeHtmlAttr->escape('return confirm(...')
#3 /home4/spartan4/app.spartansgym.space/vendor/zendframework/zend-form/src/View/Helper/AbstractHelper.php(232): Zend\View\Helper\Escaper\AbstractHelper->__invoke('return confirm(...')
#4 /home4/spartan4/app.spartansgym.space/vendor/zendframework/zend- in /home4/spartan4/app.spartansgym.space/vendor/zendframework/zend-escaper/src/Escaper.php on line 323
[01-Aug-2021 12:07:58 America/Bogota] PHP Fatal error:  Uncaught Zend\Escaper\Exception\RuntimeException: String to be escaped was not valid UTF-8 or could not be converted: return confirm("¢Ä DESEA REGISTRAR ESTE EJERCICIO ?") in /home4/spartan4/app.spartansgym.space/vendor/zendframework/zend-escaper/src/Escaper.php:323
Stack trace:
#0 /home4/spartan4/app.spartansgym.space/vendor/zendframework/zend-escaper/src/Escaper.php(161): Zend\Escaper\Escaper->toUtf8('return confirm(...')
#1 /home4/spartan4/app.spartansgym.space/vendor/zendframework/zend-view/src/Helper/EscapeHtmlAttr.php(25): Zend\Escaper\Escaper->escapeHtmlAttr('return confirm(...')
#2 /home4/spartan4/app.spartansgym.space/vendor/zendframework/zend-view/src/Helper/Escaper/AbstractHelper.php(51): Zend\View\Helper\EscapeHtmlAttr->escape('return confirm(...')
#3 /home4/spartan4/app.spartansgym.space/vendor/zendframework/zend-form/src/View/Helper/AbstractHelper.php(232): Zend\View\Helper\Escaper\AbstractHelper->__invoke('return confirm(...')
#4 /home4/spartan4/app.spartansgym.space/vendor/zendframework/zend- in /home4/spartan4/app.spartansgym.space/vendor/zendframework/zend-escaper/src/Escaper.php on line 323
[01-Aug-2021 12:10:28 America/Bogota] PHP Parse error:  syntax error, unexpected 'index' (T_STRING), expecting ',' or ')' in /home4/spartan4/app.spartansgym.space/module/Administracion/src/Administracion/Controller/EjerciciosController.php on line 86
[01-Aug-2021 12:10:34 America/Bogota] PHP Parse error:  syntax error, unexpected 'index' (T_STRING), expecting ',' or ')' in /home4/spartan4/app.spartansgym.space/module/Administracion/src/Administracion/Controller/EjerciciosController.php on line 86
[03-Aug-2021 20:29:56 America/Bogota] PHP Fatal error:  Uncaught Error: Class 'Administracion\Controller\JsonModel' not found in /home4/spartan4/app.spartansgym.space/module/Administracion/src/Administracion/Controller/ClienteempleadoController.php:166
Stack trace:
#0 /home4/spartan4/app.spartansgym.space/vendor/zendframework/zend-mvc/src/Controller/AbstractActionController.php(82): Administracion\Controller\ClienteempleadoController->existeidentificacionAction()
#1 [internal function]: Zend\Mvc\Controller\AbstractActionController->onDispatch(Object(Zend\Mvc\MvcEvent))
#2 /home4/spartan4/app.spartansgym.space/vendor/zendframework/zend-eventmanager/src/EventManager.php(444): call_user_func(Array, Object(Zend\Mvc\MvcEvent))
#3 /home4/spartan4/app.spartansgym.space/vendor/zendframework/zend-eventmanager/src/EventManager.php(205): Zend\EventManager\EventManager->triggerListeners('dispatch', Object(Zend\Mvc\MvcEvent), Object(Closure))
#4 /home4/spartan4/app.spartansgym.space/vendor/zendframework/zend-mvc/src/Controller/AbstractController.php(118): Zend\EventManager\Eve in /home4/spartan4/app.spartansgym.space/module/Administracion/src/Administracion/Controller/ClienteempleadoController.php on line 166
[03-Aug-2021 20:30:13 America/Bogota] PHP Fatal error:  Uncaught Error: Class 'Administracion\Controller\JsonModel' not found in /home4/spartan4/app.spartansgym.space/module/Administracion/src/Administracion/Controller/ClienteempleadoController.php:166
Stack trace:
#0 /home4/spartan4/app.spartansgym.space/vendor/zendframework/zend-mvc/src/Controller/AbstractActionController.php(82): Administracion\Controller\ClienteempleadoController->existeidentificacionAction()
#1 [internal function]: Zend\Mvc\Controller\AbstractActionController->onDispatch(Object(Zend\Mvc\MvcEvent))
#2 /home4/spartan4/app.spartansgym.space/vendor/zendframework/zend-eventmanager/src/EventManager.php(444): call_user_func(Array, Object(Zend\Mvc\MvcEvent))
#3 /home4/spartan4/app.spartansgym.space/vendor/zendframework/zend-eventmanager/src/EventManager.php(205): Zend\EventManager\EventManager->triggerListeners('dispatch', Object(Zend\Mvc\MvcEvent), Object(Closure))
#4 /home4/spartan4/app.spartansgym.space/vendor/zendframework/zend-mvc/src/Controller/AbstractController.php(118): Zend\EventManager\Eve in /home4/spartan4/app.spartansgym.space/module/Administracion/src/Administracion/Controller/ClienteempleadoController.php on line 166
[03-Aug-2021 20:30:26 America/Bogota] PHP Fatal error:  Uncaught Error: Class 'Administracion\Controller\JsonModel' not found in /home4/spartan4/app.spartansgym.space/module/Administracion/src/Administracion/Controller/ClienteempleadoController.php:166
Stack trace:
#0 /home4/spartan4/app.spartansgym.space/vendor/zendframework/zend-mvc/src/Controller/AbstractActionController.php(82): Administracion\Controller\ClienteempleadoController->existeidentificacionAction()
#1 [internal function]: Zend\Mvc\Controller\AbstractActionController->onDispatch(Object(Zend\Mvc\MvcEvent))
#2 /home4/spartan4/app.spartansgym.space/vendor/zendframework/zend-eventmanager/src/EventManager.php(444): call_user_func(Array, Object(Zend\Mvc\MvcEvent))
#3 /home4/spartan4/app.spartansgym.space/vendor/zendframework/zend-eventmanager/src/EventManager.php(205): Zend\EventManager\EventManager->triggerListeners('dispatch', Object(Zend\Mvc\MvcEvent), Object(Closure))
#4 /home4/spartan4/app.spartansgym.space/vendor/zendframework/zend-mvc/src/Controller/AbstractController.php(118): Zend\EventManager\Eve in /home4/spartan4/app.spartansgym.space/module/Administracion/src/Administracion/Controller/ClienteempleadoController.php on line 166
[03-Aug-2021 20:30:49 America/Bogota] PHP Fatal error:  Uncaught Error: Class 'Administracion\Controller\JsonModel' not found in /home4/spartan4/app.spartansgym.space/module/Administracion/src/Administracion/Controller/ClienteempleadoController.php:166
Stack trace:
#0 /home4/spartan4/app.spartansgym.space/vendor/zendframework/zend-mvc/src/Controller/AbstractActionController.php(82): Administracion\Controller\ClienteempleadoController->existeidentificacionAction()
#1 [internal function]: Zend\Mvc\Controller\AbstractActionController->onDispatch(Object(Zend\Mvc\MvcEvent))
#2 /home4/spartan4/app.spartansgym.space/vendor/zendframework/zend-eventmanager/src/EventManager.php(444): call_user_func(Array, Object(Zend\Mvc\MvcEvent))
#3 /home4/spartan4/app.spartansgym.space/vendor/zendframework/zend-eventmanager/src/EventManager.php(205): Zend\EventManager\EventManager->triggerListeners('dispatch', Object(Zend\Mvc\MvcEvent), Object(Closure))
#4 /home4/spartan4/app.spartansgym.space/vendor/zendframework/zend-mvc/src/Controller/AbstractController.php(118): Zend\EventManager\Eve in /home4/spartan4/app.spartansgym.space/module/Administracion/src/Administracion/Controller/ClienteempleadoController.php on line 166
[03-Aug-2021 20:30:58 America/Bogota] PHP Fatal error:  Uncaught Error: Class 'Administracion\Controller\JsonModel' not found in /home4/spartan4/app.spartansgym.space/module/Administracion/src/Administracion/Controller/ClienteempleadoController.php:166
Stack trace:
#0 /home4/spartan4/app.spartansgym.space/vendor/zendframework/zend-mvc/src/Controller/AbstractActionController.php(82): Administracion\Controller\ClienteempleadoController->existeidentificacionAction()
#1 [internal function]: Zend\Mvc\Controller\AbstractActionController->onDispatch(Object(Zend\Mvc\MvcEvent))
#2 /home4/spartan4/app.spartansgym.space/vendor/zendframework/zend-eventmanager/src/EventManager.php(444): call_user_func(Array, Object(Zend\Mvc\MvcEvent))
#3 /home4/spartan4/app.spartansgym.space/vendor/zendframework/zend-eventmanager/src/EventManager.php(205): Zend\EventManager\EventManager->triggerListeners('dispatch', Object(Zend\Mvc\MvcEvent), Object(Closure))
#4 /home4/spartan4/app.spartansgym.space/vendor/zendframework/zend-mvc/src/Controller/AbstractController.php(118): Zend\EventManager\Eve in /home4/spartan4/app.spartansgym.space/module/Administracion/src/Administracion/Controller/ClienteempleadoController.php on line 166
[05-Aug-2021 10:45:50 America/Bogota] PHP Fatal error:  Uncaught Zend\View\Exception\RuntimeException: Zend\View\Renderer\PhpRenderer::render: Unable to render template "administracion/usuario/formularioEdit"; resolver could not resolve to a file in /home4/spartan4/app.spartansgym.space/vendor/zendframework/zend-view/src/Renderer/PhpRenderer.php:493
Stack trace:
#0 /home4/spartan4/app.spartansgym.space/vendor/zendframework/zend-view/src/View.php(205): Zend\View\Renderer\PhpRenderer->render(NULL)
#1 /home4/spartan4/app.spartansgym.space/vendor/zendframework/zend-mvc/src/View/Http/DefaultRenderingStrategy.php(103): Zend\View\View->render(Object(Zend\View\Model\ViewModel))
#2 [internal function]: Zend\Mvc\View\Http\DefaultRenderingStrategy->render(Object(Zend\Mvc\MvcEvent))
#3 /home4/spartan4/app.spartansgym.space/vendor/zendframework/zend-eventmanager/src/EventManager.php(444): call_user_func(Array, Object(Zend\Mvc\MvcEvent))
#4 /home4/spartan4/app.spartansgym.space/vendor/zendframework/zend-eventmanager/src/EventManager.php(205): Zend\EventManager\EventManager->tri in /home4/spartan4/app.spartansgym.space/vendor/zendframework/zend-view/src/Renderer/PhpRenderer.php on line 493
[13-Aug-2021 10:35:30 America/Bogota] PHP Warning:  Invalid argument supplied for foreach() in /home4/spartan4/app.spartansgym.space/module/Administracion/view/administracion/asistencia/formulario.phtml on line 25
[24-Aug-2021 11:42:59 America/Bogota] PHP Fatal error:  Uncaught Error: Call to a member function canCallMagicCall() on null in /home4/spartan4/app.spartansgym.space/vendor/zendframework/zend-db/src/TableGateway/AbstractTableGateway.php:496
Stack trace:
#0 /home4/spartan4/app.spartansgym.space/module/Administracion/src/Administracion/Controller/UsuarioController.php(372): Zend\Db\TableGateway\AbstractTableGateway->__call('usuarioHuella', Array)
#1 /home4/spartan4/app.spartansgym.space/vendor/zendframework/zend-mvc/src/Controller/AbstractActionController.php(82): Administracion\Controller\UsuarioController->verhuellaAction()
#2 [internal function]: Zend\Mvc\Controller\AbstractActionController->onDispatch(Object(Zend\Mvc\MvcEvent))
#3 /home4/spartan4/app.spartansgym.space/vendor/zendframework/zend-eventmanager/src/EventManager.php(444): call_user_func(Array, Object(Zend\Mvc\MvcEvent))
#4 /home4/spartan4/app.spartansgym.space/vendor/zendframework/zend-eventmanager/src/EventManager.php(205): Zend\EventManager\EventManager->triggerListeners('dispatch', Object(Zend\Mvc\ in /home4/spartan4/app.spartansgym.space/vendor/zendframework/zend-db/src/TableGateway/AbstractTableGateway.php on line 496
[24-Aug-2021 11:43:10 America/Bogota] PHP Fatal error:  Uncaught Error: Call to a member function canCallMagicCall() on null in /home4/spartan4/app.spartansgym.space/vendor/zendframework/zend-db/src/TableGateway/AbstractTableGateway.php:496
Stack trace:
#0 /home4/spartan4/app.spartansgym.space/module/Administracion/src/Administracion/Controller/UsuarioController.php(372): Zend\Db\TableGateway\AbstractTableGateway->__call('usuarioHuella', Array)
#1 /home4/spartan4/app.spartansgym.space/vendor/zendframework/zend-mvc/src/Controller/AbstractActionController.php(82): Administracion\Controller\UsuarioController->verhuellaAction()
#2 [internal function]: Zend\Mvc\Controller\AbstractActionController->onDispatch(Object(Zend\Mvc\MvcEvent))
#3 /home4/spartan4/app.spartansgym.space/vendor/zendframework/zend-eventmanager/src/EventManager.php(444): call_user_func(Array, Object(Zend\Mvc\MvcEvent))
#4 /home4/spartan4/app.spartansgym.space/vendor/zendframework/zend-eventmanager/src/EventManager.php(205): Zend\EventManager\EventManager->triggerListeners('dispatch', Object(Zend\Mvc\ in /home4/spartan4/app.spartansgym.space/vendor/zendframework/zend-db/src/TableGateway/AbstractTableGateway.php on line 496
[23-Sep-2021 14:12:29 America/Bogota] PHP Fatal error:  Uncaught Zend\View\Exception\RuntimeException: Zend\View\Renderer\PhpRenderer::render: Unable to render template "administracion/venta/formulario"; resolver could not resolve to a file in /home4/spartan4/app.spartansgym.space/vendor/zendframework/zend-view/src/Renderer/PhpRenderer.php:493
Stack trace:
#0 /home4/spartan4/app.spartansgym.space/vendor/zendframework/zend-view/src/View.php(205): Zend\View\Renderer\PhpRenderer->render(NULL)
#1 /home4/spartan4/app.spartansgym.space/vendor/zendframework/zend-mvc/src/View/Http/DefaultRenderingStrategy.php(103): Zend\View\View->render(Object(Zend\View\Model\ViewModel))
#2 [internal function]: Zend\Mvc\View\Http\DefaultRenderingStrategy->render(Object(Zend\Mvc\MvcEvent))
#3 /home4/spartan4/app.spartansgym.space/vendor/zendframework/zend-eventmanager/src/EventManager.php(444): call_user_func(Array, Object(Zend\Mvc\MvcEvent))
#4 /home4/spartan4/app.spartansgym.space/vendor/zendframework/zend-eventmanager/src/EventManager.php(205): Zend\EventManager\EventManager->triggerLi in /home4/spartan4/app.spartansgym.space/vendor/zendframework/zend-view/src/Renderer/PhpRenderer.php on line 493
[23-Sep-2021 14:12:31 America/Bogota] PHP Fatal error:  Uncaught Zend\View\Exception\RuntimeException: Zend\View\Renderer\PhpRenderer::render: Unable to render template "administracion/venta/formulario"; resolver could not resolve to a file in /home4/spartan4/app.spartansgym.space/vendor/zendframework/zend-view/src/Renderer/PhpRenderer.php:493
Stack trace:
#0 /home4/spartan4/app.spartansgym.space/vendor/zendframework/zend-view/src/View.php(205): Zend\View\Renderer\PhpRenderer->render(NULL)
#1 /home4/spartan4/app.spartansgym.space/vendor/zendframework/zend-mvc/src/View/Http/DefaultRenderingStrategy.php(103): Zend\View\View->render(Object(Zend\View\Model\ViewModel))
#2 [internal function]: Zend\Mvc\View\Http\DefaultRenderingStrategy->render(Object(Zend\Mvc\MvcEvent))
#3 /home4/spartan4/app.spartansgym.space/vendor/zendframework/zend-eventmanager/src/EventManager.php(444): call_user_func(Array, Object(Zend\Mvc\MvcEvent))
#4 /home4/spartan4/app.spartansgym.space/vendor/zendframework/zend-eventmanager/src/EventManager.php(205): Zend\EventManager\EventManager->triggerLi in /home4/spartan4/app.spartansgym.space/vendor/zendframework/zend-view/src/Renderer/PhpRenderer.php on line 493
[23-Sep-2021 14:30:27 America/Bogota] PHP Fatal error:  Uncaught Zend\Escaper\Exception\RuntimeException: String to be escaped was not valid UTF-8 or could not be converted: return confirm("¢Ä DESEA REGISTRAR ESTE PRODUCTO ?") in /home4/spartan4/app.spartansgym.space/vendor/zendframework/zend-escaper/src/Escaper.php:323
Stack trace:
#0 /home4/spartan4/app.spartansgym.space/vendor/zendframework/zend-escaper/src/Escaper.php(161): Zend\Escaper\Escaper->toUtf8('return confirm(...')
#1 /home4/spartan4/app.spartansgym.space/vendor/zendframework/zend-view/src/Helper/EscapeHtmlAttr.php(25): Zend\Escaper\Escaper->escapeHtmlAttr('return confirm(...')
#2 /home4/spartan4/app.spartansgym.space/vendor/zendframework/zend-view/src/Helper/Escaper/AbstractHelper.php(51): Zend\View\Helper\EscapeHtmlAttr->escape('return confirm(...')
#3 /home4/spartan4/app.spartansgym.space/vendor/zendframework/zend-form/src/View/Helper/AbstractHelper.php(232): Zend\View\Helper\Escaper\AbstractHelper->__invoke('return confirm(...')
#4 /home4/spartan4/app.spartansgym.space/vendor/zendframework/zend-f in /home4/spartan4/app.spartansgym.space/vendor/zendframework/zend-escaper/src/Escaper.php on line 323
[23-Sep-2021 14:30:35 America/Bogota] PHP Fatal error:  Uncaught Zend\Escaper\Exception\RuntimeException: String to be escaped was not valid UTF-8 or could not be converted: return confirm("¢Ä DESEA REGISTRAR ESTE PRODUCTO ?") in /home4/spartan4/app.spartansgym.space/vendor/zendframework/zend-escaper/src/Escaper.php:323
Stack trace:
#0 /home4/spartan4/app.spartansgym.space/vendor/zendframework/zend-escaper/src/Escaper.php(161): Zend\Escaper\Escaper->toUtf8('return confirm(...')
#1 /home4/spartan4/app.spartansgym.space/vendor/zendframework/zend-view/src/Helper/EscapeHtmlAttr.php(25): Zend\Escaper\Escaper->escapeHtmlAttr('return confirm(...')
#2 /home4/spartan4/app.spartansgym.space/vendor/zendframework/zend-view/src/Helper/Escaper/AbstractHelper.php(51): Zend\View\Helper\EscapeHtmlAttr->escape('return confirm(...')
#3 /home4/spartan4/app.spartansgym.space/vendor/zendframework/zend-form/src/View/Helper/AbstractHelper.php(232): Zend\View\Helper\Escaper\AbstractHelper->__invoke('return confirm(...')
#4 /home4/spartan4/app.spartansgym.space/vendor/zendframework/zend-f in /home4/spartan4/app.spartansgym.space/vendor/zendframework/zend-escaper/src/Escaper.php on line 323
[23-Sep-2021 14:30:48 America/Bogota] PHP Fatal error:  Uncaught Zend\Escaper\Exception\RuntimeException: String to be escaped was not valid UTF-8 or could not be converted: return confirm("¢Ä DESEA REGISTRAR ESTE PRODUCTO ?") in /home4/spartan4/app.spartansgym.space/vendor/zendframework/zend-escaper/src/Escaper.php:323
Stack trace:
#0 /home4/spartan4/app.spartansgym.space/vendor/zendframework/zend-escaper/src/Escaper.php(161): Zend\Escaper\Escaper->toUtf8('return confirm(...')
#1 /home4/spartan4/app.spartansgym.space/vendor/zendframework/zend-view/src/Helper/EscapeHtmlAttr.php(25): Zend\Escaper\Escaper->escapeHtmlAttr('return confirm(...')
#2 /home4/spartan4/app.spartansgym.space/vendor/zendframework/zend-view/src/Helper/Escaper/AbstractHelper.php(51): Zend\View\Helper\EscapeHtmlAttr->escape('return confirm(...')
#3 /home4/spartan4/app.spartansgym.space/vendor/zendframework/zend-form/src/View/Helper/AbstractHelper.php(232): Zend\View\Helper\Escaper\AbstractHelper->__invoke('return confirm(...')
#4 /home4/spartan4/app.spartansgym.space/vendor/zendframework/zend-f in /home4/spartan4/app.spartansgym.space/vendor/zendframework/zend-escaper/src/Escaper.php on line 323
[23-Sep-2021 14:30:59 America/Bogota] PHP Fatal error:  Uncaught Zend\Escaper\Exception\RuntimeException: String to be escaped was not valid UTF-8 or could not be converted: return confirm("¢Ä DESEA REGISTRAR ESTE PRODUCTO ?") in /home4/spartan4/app.spartansgym.space/vendor/zendframework/zend-escaper/src/Escaper.php:323
Stack trace:
#0 /home4/spartan4/app.spartansgym.space/vendor/zendframework/zend-escaper/src/Escaper.php(161): Zend\Escaper\Escaper->toUtf8('return confirm(...')
#1 /home4/spartan4/app.spartansgym.space/vendor/zendframework/zend-view/src/Helper/EscapeHtmlAttr.php(25): Zend\Escaper\Escaper->escapeHtmlAttr('return confirm(...')
#2 /home4/spartan4/app.spartansgym.space/vendor/zendframework/zend-view/src/Helper/Escaper/AbstractHelper.php(51): Zend\View\Helper\EscapeHtmlAttr->escape('return confirm(...')
#3 /home4/spartan4/app.spartansgym.space/vendor/zendframework/zend-form/src/View/Helper/AbstractHelper.php(232): Zend\View\Helper\Escaper\AbstractHelper->__invoke('return confirm(...')
#4 /home4/spartan4/app.spartansgym.space/vendor/zendframework/zend-f in /home4/spartan4/app.spartansgym.space/vendor/zendframework/zend-escaper/src/Escaper.php on line 323
[23-Sep-2021 14:31:07 America/Bogota] PHP Fatal error:  Uncaught Zend\Escaper\Exception\RuntimeException: String to be escaped was not valid UTF-8 or could not be converted: return confirm("¢Ä DESEA REGISTRAR ESTE PRODUCTO ?") in /home4/spartan4/app.spartansgym.space/vendor/zendframework/zend-escaper/src/Escaper.php:323
Stack trace:
#0 /home4/spartan4/app.spartansgym.space/vendor/zendframework/zend-escaper/src/Escaper.php(161): Zend\Escaper\Escaper->toUtf8('return confirm(...')
#1 /home4/spartan4/app.spartansgym.space/vendor/zendframework/zend-view/src/Helper/EscapeHtmlAttr.php(25): Zend\Escaper\Escaper->escapeHtmlAttr('return confirm(...')
#2 /home4/spartan4/app.spartansgym.space/vendor/zendframework/zend-view/src/Helper/Escaper/AbstractHelper.php(51): Zend\View\Helper\EscapeHtmlAttr->escape('return confirm(...')
#3 /home4/spartan4/app.spartansgym.space/vendor/zendframework/zend-form/src/View/Helper/AbstractHelper.php(232): Zend\View\Helper\Escaper\AbstractHelper->__invoke('return confirm(...')
#4 /home4/spartan4/app.spartansgym.space/vendor/zendframework/zend-f in /home4/spartan4/app.spartansgym.space/vendor/zendframework/zend-escaper/src/Escaper.php on line 323
[23-Sep-2021 15:16:18 America/Bogota] PHP Fatal error:  Uncaught Zend\Escaper\Exception\RuntimeException: String to be escaped was not valid UTF-8 or could not be converted: return confirm("¢Ä DESEA REGISTRAR ESTE PRODUCTO ?") in /home4/spartan4/app.spartansgym.space/vendor/zendframework/zend-escaper/src/Escaper.php:323
Stack trace:
#0 /home4/spartan4/app.spartansgym.space/vendor/zendframework/zend-escaper/src/Escaper.php(161): Zend\Escaper\Escaper->toUtf8('return confirm(...')
#1 /home4/spartan4/app.spartansgym.space/vendor/zendframework/zend-view/src/Helper/EscapeHtmlAttr.php(25): Zend\Escaper\Escaper->escapeHtmlAttr('return confirm(...')
#2 /home4/spartan4/app.spartansgym.space/vendor/zendframework/zend-view/src/Helper/Escaper/AbstractHelper.php(51): Zend\View\Helper\EscapeHtmlAttr->escape('return confirm(...')
#3 /home4/spartan4/app.spartansgym.space/vendor/zendframework/zend-form/src/View/Helper/AbstractHelper.php(232): Zend\View\Helper\Escaper\AbstractHelper->__invoke('return confirm(...')
#4 /home4/spartan4/app.spartansgym.space/vendor/zendframework/zend-f in /home4/spartan4/app.spartansgym.space/vendor/zendframework/zend-escaper/src/Escaper.php on line 323
[23-Sep-2021 15:16:28 America/Bogota] PHP Fatal error:  Uncaught Zend\Escaper\Exception\RuntimeException: String to be escaped was not valid UTF-8 or could not be converted: return confirm("¢Ä DESEA GUARDAR ESTE PRODUCTO ?") in /home4/spartan4/app.spartansgym.space/vendor/zendframework/zend-escaper/src/Escaper.php:323
Stack trace:
#0 /home4/spartan4/app.spartansgym.space/vendor/zendframework/zend-escaper/src/Escaper.php(161): Zend\Escaper\Escaper->toUtf8('return confirm(...')
#1 /home4/spartan4/app.spartansgym.space/vendor/zendframework/zend-view/src/Helper/EscapeHtmlAttr.php(25): Zend\Escaper\Escaper->escapeHtmlAttr('return confirm(...')
#2 /home4/spartan4/app.spartansgym.space/vendor/zendframework/zend-view/src/Helper/Escaper/AbstractHelper.php(51): Zend\View\Helper\EscapeHtmlAttr->escape('return confirm(...')
#3 /home4/spartan4/app.spartansgym.space/vendor/zendframework/zend-form/src/View/Helper/AbstractHelper.php(232): Zend\View\Helper\Escaper\AbstractHelper->__invoke('return confirm(...')
#4 /home4/spartan4/app.spartansgym.space/vendor/zendframework/zend-for in /home4/spartan4/app.spartansgym.space/vendor/zendframework/zend-escaper/src/Escaper.php on line 323
[23-Sep-2021 15:16:35 America/Bogota] PHP Fatal error:  Uncaught Zend\Escaper\Exception\RuntimeException: String to be escaped was not valid UTF-8 or could not be converted: return confirm("¢Ä DESEA REGISTRAR ESTE PRODUCTO ?") in /home4/spartan4/app.spartansgym.space/vendor/zendframework/zend-escaper/src/Escaper.php:323
Stack trace:
#0 /home4/spartan4/app.spartansgym.space/vendor/zendframework/zend-escaper/src/Escaper.php(161): Zend\Escaper\Escaper->toUtf8('return confirm(...')
#1 /home4/spartan4/app.spartansgym.space/vendor/zendframework/zend-view/src/Helper/EscapeHtmlAttr.php(25): Zend\Escaper\Escaper->escapeHtmlAttr('return confirm(...')
#2 /home4/spartan4/app.spartansgym.space/vendor/zendframework/zend-view/src/Helper/Escaper/AbstractHelper.php(51): Zend\View\Helper\EscapeHtmlAttr->escape('return confirm(...')
#3 /home4/spartan4/app.spartansgym.space/vendor/zendframework/zend-form/src/View/Helper/AbstractHelper.php(232): Zend\View\Helper\Escaper\AbstractHelper->__invoke('return confirm(...')
#4 /home4/spartan4/app.spartansgym.space/vendor/zendframework/zend-f in /home4/spartan4/app.spartansgym.space/vendor/zendframework/zend-escaper/src/Escaper.php on line 323
[23-Sep-2021 15:16:41 America/Bogota] PHP Fatal error:  Uncaught Zend\Escaper\Exception\RuntimeException: String to be escaped was not valid UTF-8 or could not be converted: return confirm("¢Ä DESEA REGISTRAR ESTE PRODUCTO ?") in /home4/spartan4/app.spartansgym.space/vendor/zendframework/zend-escaper/src/Escaper.php:323
Stack trace:
#0 /home4/spartan4/app.spartansgym.space/vendor/zendframework/zend-escaper/src/Escaper.php(161): Zend\Escaper\Escaper->toUtf8('return confirm(...')
#1 /home4/spartan4/app.spartansgym.space/vendor/zendframework/zend-view/src/Helper/EscapeHtmlAttr.php(25): Zend\Escaper\Escaper->escapeHtmlAttr('return confirm(...')
#2 /home4/spartan4/app.spartansgym.space/vendor/zendframework/zend-view/src/Helper/Escaper/AbstractHelper.php(51): Zend\View\Helper\EscapeHtmlAttr->escape('return confirm(...')
#3 /home4/spartan4/app.spartansgym.space/vendor/zendframework/zend-form/src/View/Helper/AbstractHelper.php(232): Zend\View\Helper\Escaper\AbstractHelper->__invoke('return confirm(...')
#4 /home4/spartan4/app.spartansgym.space/vendor/zendframework/zend-f in /home4/spartan4/app.spartansgym.space/vendor/zendframework/zend-escaper/src/Escaper.php on line 323
[23-Sep-2021 15:16:56 America/Bogota] PHP Fatal error:  Uncaught Zend\Escaper\Exception\RuntimeException: String to be escaped was not valid UTF-8 or could not be converted: return confirm("¢Ä DESEA REGISTRAR ESTE PRODUCTO ?") in /home4/spartan4/app.spartansgym.space/vendor/zendframework/zend-escaper/src/Escaper.php:323
Stack trace:
#0 /home4/spartan4/app.spartansgym.space/vendor/zendframework/zend-escaper/src/Escaper.php(161): Zend\Escaper\Escaper->toUtf8('return confirm(...')
#1 /home4/spartan4/app.spartansgym.space/vendor/zendframework/zend-view/src/Helper/EscapeHtmlAttr.php(25): Zend\Escaper\Escaper->escapeHtmlAttr('return confirm(...')
#2 /home4/spartan4/app.spartansgym.space/vendor/zendframework/zend-view/src/Helper/Escaper/AbstractHelper.php(51): Zend\View\Helper\EscapeHtmlAttr->escape('return confirm(...')
#3 /home4/spartan4/app.spartansgym.space/vendor/zendframework/zend-form/src/View/Helper/AbstractHelper.php(232): Zend\View\Helper\Escaper\AbstractHelper->__invoke('return confirm(...')
#4 /home4/spartan4/app.spartansgym.space/vendor/zendframework/zend-f in /home4/spartan4/app.spartansgym.space/vendor/zendframework/zend-escaper/src/Escaper.php on line 323
[23-Sep-2021 15:18:36 America/Bogota] PHP Fatal error:  Uncaught Zend\Escaper\Exception\RuntimeException: String to be escaped was not valid UTF-8 or could not be converted: return confirm("¢Ä DESEA REGISTRAR ESTE PRODUCTO ?") in /home4/spartan4/app.spartansgym.space/vendor/zendframework/zend-escaper/src/Escaper.php:323
Stack trace:
#0 /home4/spartan4/app.spartansgym.space/vendor/zendframework/zend-escaper/src/Escaper.php(161): Zend\Escaper\Escaper->toUtf8('return confirm(...')
#1 /home4/spartan4/app.spartansgym.space/vendor/zendframework/zend-view/src/Helper/EscapeHtmlAttr.php(25): Zend\Escaper\Escaper->escapeHtmlAttr('return confirm(...')
#2 /home4/spartan4/app.spartansgym.space/vendor/zendframework/zend-view/src/Helper/Escaper/AbstractHelper.php(51): Zend\View\Helper\EscapeHtmlAttr->escape('return confirm(...')
#3 /home4/spartan4/app.spartansgym.space/vendor/zendframework/zend-form/src/View/Helper/AbstractHelper.php(232): Zend\View\Helper\Escaper\AbstractHelper->__invoke('return confirm(...')
#4 /home4/spartan4/app.spartansgym.space/vendor/zendframework/zend-f in /home4/spartan4/app.spartansgym.space/vendor/zendframework/zend-escaper/src/Escaper.php on line 323
[23-Sep-2021 15:18:44 America/Bogota] PHP Fatal error:  Uncaught Zend\Escaper\Exception\RuntimeException: String to be escaped was not valid UTF-8 or could not be converted: return confirm("¢Ä DESEA GUARDAR ESTE PRODUCTO ?") in /home4/spartan4/app.spartansgym.space/vendor/zendframework/zend-escaper/src/Escaper.php:323
Stack trace:
#0 /home4/spartan4/app.spartansgym.space/vendor/zendframework/zend-escaper/src/Escaper.php(161): Zend\Escaper\Escaper->toUtf8('return confirm(...')
#1 /home4/spartan4/app.spartansgym.space/vendor/zendframework/zend-view/src/Helper/EscapeHtmlAttr.php(25): Zend\Escaper\Escaper->escapeHtmlAttr('return confirm(...')
#2 /home4/spartan4/app.spartansgym.space/vendor/zendframework/zend-view/src/Helper/Escaper/AbstractHelper.php(51): Zend\View\Helper\EscapeHtmlAttr->escape('return confirm(...')
#3 /home4/spartan4/app.spartansgym.space/vendor/zendframework/zend-form/src/View/Helper/AbstractHelper.php(232): Zend\View\Helper\Escaper\AbstractHelper->__invoke('return confirm(...')
#4 /home4/spartan4/app.spartansgym.space/vendor/zendframework/zend-for in /home4/spartan4/app.spartansgym.space/vendor/zendframework/zend-escaper/src/Escaper.php on line 323
[23-Sep-2021 15:20:17 America/Bogota] PHP Fatal error:  Uncaught Zend\Escaper\Exception\RuntimeException: String to be escaped was not valid UTF-8 or could not be converted: return confirm("¢Ä DESEA GUARDAR ESTE PRODUCTO ?") in /home4/spartan4/app.spartansgym.space/vendor/zendframework/zend-escaper/src/Escaper.php:323
Stack trace:
#0 /home4/spartan4/app.spartansgym.space/vendor/zendframework/zend-escaper/src/Escaper.php(161): Zend\Escaper\Escaper->toUtf8('return confirm(...')
#1 /home4/spartan4/app.spartansgym.space/vendor/zendframework/zend-view/src/Helper/EscapeHtmlAttr.php(25): Zend\Escaper\Escaper->escapeHtmlAttr('return confirm(...')
#2 /home4/spartan4/app.spartansgym.space/vendor/zendframework/zend-view/src/Helper/Escaper/AbstractHelper.php(51): Zend\View\Helper\EscapeHtmlAttr->escape('return confirm(...')
#3 /home4/spartan4/app.spartansgym.space/vendor/zendframework/zend-form/src/View/Helper/AbstractHelper.php(232): Zend\View\Helper\Escaper\AbstractHelper->__invoke('return confirm(...')
#4 /home4/spartan4/app.spartansgym.space/vendor/zendframework/zend-for in /home4/spartan4/app.spartansgym.space/vendor/zendframework/zend-escaper/src/Escaper.php on line 323
[23-Sep-2021 15:20:24 America/Bogota] PHP Fatal error:  Uncaught Zend\Escaper\Exception\RuntimeException: String to be escaped was not valid UTF-8 or could not be converted: return confirm("¢Ä DESEA REGISTRAR ESTE PRODUCTO ?") in /home4/spartan4/app.spartansgym.space/vendor/zendframework/zend-escaper/src/Escaper.php:323
Stack trace:
#0 /home4/spartan4/app.spartansgym.space/vendor/zendframework/zend-escaper/src/Escaper.php(161): Zend\Escaper\Escaper->toUtf8('return confirm(...')
#1 /home4/spartan4/app.spartansgym.space/vendor/zendframework/zend-view/src/Helper/EscapeHtmlAttr.php(25): Zend\Escaper\Escaper->escapeHtmlAttr('return confirm(...')
#2 /home4/spartan4/app.spartansgym.space/vendor/zendframework/zend-view/src/Helper/Escaper/AbstractHelper.php(51): Zend\View\Helper\EscapeHtmlAttr->escape('return confirm(...')
#3 /home4/spartan4/app.spartansgym.space/vendor/zendframework/zend-form/src/View/Helper/AbstractHelper.php(232): Zend\View\Helper\Escaper\AbstractHelper->__invoke('return confirm(...')
#4 /home4/spartan4/app.spartansgym.space/vendor/zendframework/zend-f in /home4/spartan4/app.spartansgym.space/vendor/zendframework/zend-escaper/src/Escaper.php on line 323
[23-Sep-2021 15:22:11 America/Bogota] PHP Fatal error:  Uncaught Zend\Escaper\Exception\RuntimeException: String to be escaped was not valid UTF-8 or could not be converted: return confirm("¢Ä DESEA REGISTRAR ESTE PRODUCTO ?") in /home4/spartan4/app.spartansgym.space/vendor/zendframework/zend-escaper/src/Escaper.php:323
Stack trace:
#0 /home4/spartan4/app.spartansgym.space/vendor/zendframework/zend-escaper/src/Escaper.php(161): Zend\Escaper\Escaper->toUtf8('return confirm(...')
#1 /home4/spartan4/app.spartansgym.space/vendor/zendframework/zend-view/src/Helper/EscapeHtmlAttr.php(25): Zend\Escaper\Escaper->escapeHtmlAttr('return confirm(...')
#2 /home4/spartan4/app.spartansgym.space/vendor/zendframework/zend-view/src/Helper/Escaper/AbstractHelper.php(51): Zend\View\Helper\EscapeHtmlAttr->escape('return confirm(...')
#3 /home4/spartan4/app.spartansgym.space/vendor/zendframework/zend-form/src/View/Helper/AbstractHelper.php(232): Zend\View\Helper\Escaper\AbstractHelper->__invoke('return confirm(...')
#4 /home4/spartan4/app.spartansgym.space/vendor/zendframework/zend-f in /home4/spartan4/app.spartansgym.space/vendor/zendframework/zend-escaper/src/Escaper.php on line 323
[23-Sep-2021 15:22:12 America/Bogota] PHP Fatal error:  Uncaught Zend\Escaper\Exception\RuntimeException: String to be escaped was not valid UTF-8 or could not be converted: return confirm("¢Ä DESEA REGISTRAR ESTE PRODUCTO ?") in /home4/spartan4/app.spartansgym.space/vendor/zendframework/zend-escaper/src/Escaper.php:323
Stack trace:
#0 /home4/spartan4/app.spartansgym.space/vendor/zendframework/zend-escaper/src/Escaper.php(161): Zend\Escaper\Escaper->toUtf8('return confirm(...')
#1 /home4/spartan4/app.spartansgym.space/vendor/zendframework/zend-view/src/Helper/EscapeHtmlAttr.php(25): Zend\Escaper\Escaper->escapeHtmlAttr('return confirm(...')
#2 /home4/spartan4/app.spartansgym.space/vendor/zendframework/zend-view/src/Helper/Escaper/AbstractHelper.php(51): Zend\View\Helper\EscapeHtmlAttr->escape('return confirm(...')
#3 /home4/spartan4/app.spartansgym.space/vendor/zendframework/zend-form/src/View/Helper/AbstractHelper.php(232): Zend\View\Helper\Escaper\AbstractHelper->__invoke('return confirm(...')
#4 /home4/spartan4/app.spartansgym.space/vendor/zendframework/zend-f in /home4/spartan4/app.spartansgym.space/vendor/zendframework/zend-escaper/src/Escaper.php on line 323
[23-Sep-2021 15:22:13 America/Bogota] PHP Fatal error:  Uncaught Zend\Escaper\Exception\RuntimeException: String to be escaped was not valid UTF-8 or could not be converted: return confirm("¢Ä DESEA REGISTRAR ESTE PRODUCTO ?") in /home4/spartan4/app.spartansgym.space/vendor/zendframework/zend-escaper/src/Escaper.php:323
Stack trace:
#0 /home4/spartan4/app.spartansgym.space/vendor/zendframework/zend-escaper/src/Escaper.php(161): Zend\Escaper\Escaper->toUtf8('return confirm(...')
#1 /home4/spartan4/app.spartansgym.space/vendor/zendframework/zend-view/src/Helper/EscapeHtmlAttr.php(25): Zend\Escaper\Escaper->escapeHtmlAttr('return confirm(...')
#2 /home4/spartan4/app.spartansgym.space/vendor/zendframework/zend-view/src/Helper/Escaper/AbstractHelper.php(51): Zend\View\Helper\EscapeHtmlAttr->escape('return confirm(...')
#3 /home4/spartan4/app.spartansgym.space/vendor/zendframework/zend-form/src/View/Helper/AbstractHelper.php(232): Zend\View\Helper\Escaper\AbstractHelper->__invoke('return confirm(...')
#4 /home4/spartan4/app.spartansgym.space/vendor/zendframework/zend-f in /home4/spartan4/app.spartansgym.space/vendor/zendframework/zend-escaper/src/Escaper.php on line 323
[23-Sep-2021 15:22:13 America/Bogota] PHP Fatal error:  Uncaught Zend\Escaper\Exception\RuntimeException: String to be escaped was not valid UTF-8 or could not be converted: return confirm("¢Ä DESEA REGISTRAR ESTE PRODUCTO ?") in /home4/spartan4/app.spartansgym.space/vendor/zendframework/zend-escaper/src/Escaper.php:323
Stack trace:
#0 /home4/spartan4/app.spartansgym.space/vendor/zendframework/zend-escaper/src/Escaper.php(161): Zend\Escaper\Escaper->toUtf8('return confirm(...')
#1 /home4/spartan4/app.spartansgym.space/vendor/zendframework/zend-view/src/Helper/EscapeHtmlAttr.php(25): Zend\Escaper\Escaper->escapeHtmlAttr('return confirm(...')
#2 /home4/spartan4/app.spartansgym.space/vendor/zendframework/zend-view/src/Helper/Escaper/AbstractHelper.php(51): Zend\View\Helper\EscapeHtmlAttr->escape('return confirm(...')
#3 /home4/spartan4/app.spartansgym.space/vendor/zendframework/zend-form/src/View/Helper/AbstractHelper.php(232): Zend\View\Helper\Escaper\AbstractHelper->__invoke('return confirm(...')
#4 /home4/spartan4/app.spartansgym.space/vendor/zendframework/zend-f in /home4/spartan4/app.spartansgym.space/vendor/zendframework/zend-escaper/src/Escaper.php on line 323
[23-Sep-2021 15:22:14 America/Bogota] PHP Fatal error:  Uncaught Zend\Escaper\Exception\RuntimeException: String to be escaped was not valid UTF-8 or could not be converted: return confirm("¢Ä DESEA REGISTRAR ESTE PRODUCTO ?") in /home4/spartan4/app.spartansgym.space/vendor/zendframework/zend-escaper/src/Escaper.php:323
Stack trace:
#0 /home4/spartan4/app.spartansgym.space/vendor/zendframework/zend-escaper/src/Escaper.php(161): Zend\Escaper\Escaper->toUtf8('return confirm(...')
#1 /home4/spartan4/app.spartansgym.space/vendor/zendframework/zend-view/src/Helper/EscapeHtmlAttr.php(25): Zend\Escaper\Escaper->escapeHtmlAttr('return confirm(...')
#2 /home4/spartan4/app.spartansgym.space/vendor/zendframework/zend-view/src/Helper/Escaper/AbstractHelper.php(51): Zend\View\Helper\EscapeHtmlAttr->escape('return confirm(...')
#3 /home4/spartan4/app.spartansgym.space/vendor/zendframework/zend-form/src/View/Helper/AbstractHelper.php(232): Zend\View\Helper\Escaper\AbstractHelper->__invoke('return confirm(...')
#4 /home4/spartan4/app.spartansgym.space/vendor/zendframework/zend-f in /home4/spartan4/app.spartansgym.space/vendor/zendframework/zend-escaper/src/Escaper.php on line 323
[23-Sep-2021 15:22:14 America/Bogota] PHP Fatal error:  Uncaught Zend\Escaper\Exception\RuntimeException: String to be escaped was not valid UTF-8 or could not be converted: return confirm("¢Ä DESEA REGISTRAR ESTE PRODUCTO ?") in /home4/spartan4/app.spartansgym.space/vendor/zendframework/zend-escaper/src/Escaper.php:323
Stack trace:
#0 /home4/spartan4/app.spartansgym.space/vendor/zendframework/zend-escaper/src/Escaper.php(161): Zend\Escaper\Escaper->toUtf8('return confirm(...')
#1 /home4/spartan4/app.spartansgym.space/vendor/zendframework/zend-view/src/Helper/EscapeHtmlAttr.php(25): Zend\Escaper\Escaper->escapeHtmlAttr('return confirm(...')
#2 /home4/spartan4/app.spartansgym.space/vendor/zendframework/zend-view/src/Helper/Escaper/AbstractHelper.php(51): Zend\View\Helper\EscapeHtmlAttr->escape('return confirm(...')
#3 /home4/spartan4/app.spartansgym.space/vendor/zendframework/zend-form/src/View/Helper/AbstractHelper.php(232): Zend\View\Helper\Escaper\AbstractHelper->__invoke('return confirm(...')
#4 /home4/spartan4/app.spartansgym.space/vendor/zendframework/zend-f in /home4/spartan4/app.spartansgym.space/vendor/zendframework/zend-escaper/src/Escaper.php on line 323
[23-Sep-2021 15:23:22 America/Bogota] PHP Fatal error:  Uncaught Zend\Escaper\Exception\RuntimeException: String to be escaped was not valid UTF-8 or could not be converted: return confirm("¢Ä DESEA REGISTRAR ESTE PRODUCTO ?") in /home4/spartan4/app.spartansgym.space/vendor/zendframework/zend-escaper/src/Escaper.php:323
Stack trace:
#0 /home4/spartan4/app.spartansgym.space/vendor/zendframework/zend-escaper/src/Escaper.php(161): Zend\Escaper\Escaper->toUtf8('return confirm(...')
#1 /home4/spartan4/app.spartansgym.space/vendor/zendframework/zend-view/src/Helper/EscapeHtmlAttr.php(25): Zend\Escaper\Escaper->escapeHtmlAttr('return confirm(...')
#2 /home4/spartan4/app.spartansgym.space/vendor/zendframework/zend-view/src/Helper/Escaper/AbstractHelper.php(51): Zend\View\Helper\EscapeHtmlAttr->escape('return confirm(...')
#3 /home4/spartan4/app.spartansgym.space/vendor/zendframework/zend-form/src/View/Helper/AbstractHelper.php(232): Zend\View\Helper\Escaper\AbstractHelper->__invoke('return confirm(...')
#4 /home4/spartan4/app.spartansgym.space/vendor/zendframework/zend-f in /home4/spartan4/app.spartansgym.space/vendor/zendframework/zend-escaper/src/Escaper.php on line 323
[23-Sep-2021 15:23:24 America/Bogota] PHP Fatal error:  Uncaught Zend\Escaper\Exception\RuntimeException: String to be escaped was not valid UTF-8 or could not be converted: return confirm("¢Ä DESEA REGISTRAR ESTE PRODUCTO ?") in /home4/spartan4/app.spartansgym.space/vendor/zendframework/zend-escaper/src/Escaper.php:323
Stack trace:
#0 /home4/spartan4/app.spartansgym.space/vendor/zendframework/zend-escaper/src/Escaper.php(161): Zend\Escaper\Escaper->toUtf8('return confirm(...')
#1 /home4/spartan4/app.spartansgym.space/vendor/zendframework/zend-view/src/Helper/EscapeHtmlAttr.php(25): Zend\Escaper\Escaper->escapeHtmlAttr('return confirm(...')
#2 /home4/spartan4/app.spartansgym.space/vendor/zendframework/zend-view/src/Helper/Escaper/AbstractHelper.php(51): Zend\View\Helper\EscapeHtmlAttr->escape('return confirm(...')
#3 /home4/spartan4/app.spartansgym.space/vendor/zendframework/zend-form/src/View/Helper/AbstractHelper.php(232): Zend\View\Helper\Escaper\AbstractHelper->__invoke('return confirm(...')
#4 /home4/spartan4/app.spartansgym.space/vendor/zendframework/zend-f in /home4/spartan4/app.spartansgym.space/vendor/zendframework/zend-escaper/src/Escaper.php on line 323
[23-Sep-2021 15:23:26 America/Bogota] PHP Fatal error:  Uncaught Zend\Escaper\Exception\RuntimeException: String to be escaped was not valid UTF-8 or could not be converted: return confirm("¢Ä DESEA REGISTRAR ESTE PRODUCTO ?") in /home4/spartan4/app.spartansgym.space/vendor/zendframework/zend-escaper/src/Escaper.php:323
Stack trace:
#0 /home4/spartan4/app.spartansgym.space/vendor/zendframework/zend-escaper/src/Escaper.php(161): Zend\Escaper\Escaper->toUtf8('return confirm(...')
#1 /home4/spartan4/app.spartansgym.space/vendor/zendframework/zend-view/src/Helper/EscapeHtmlAttr.php(25): Zend\Escaper\Escaper->escapeHtmlAttr('return confirm(...')
#2 /home4/spartan4/app.spartansgym.space/vendor/zendframework/zend-view/src/Helper/Escaper/AbstractHelper.php(51): Zend\View\Helper\EscapeHtmlAttr->escape('return confirm(...')
#3 /home4/spartan4/app.spartansgym.space/vendor/zendframework/zend-form/src/View/Helper/AbstractHelper.php(232): Zend\View\Helper\Escaper\AbstractHelper->__invoke('return confirm(...')
#4 /home4/spartan4/app.spartansgym.space/vendor/zendframework/zend-f in /home4/spartan4/app.spartansgym.space/vendor/zendframework/zend-escaper/src/Escaper.php on line 323
[23-Sep-2021 15:23:28 America/Bogota] PHP Fatal error:  Uncaught Zend\Escaper\Exception\RuntimeException: String to be escaped was not valid UTF-8 or could not be converted: return confirm("¢Ä DESEA REGISTRAR ESTE PRODUCTO ?") in /home4/spartan4/app.spartansgym.space/vendor/zendframework/zend-escaper/src/Escaper.php:323
Stack trace:
#0 /home4/spartan4/app.spartansgym.space/vendor/zendframework/zend-escaper/src/Escaper.php(161): Zend\Escaper\Escaper->toUtf8('return confirm(...')
#1 /home4/spartan4/app.spartansgym.space/vendor/zendframework/zend-view/src/Helper/EscapeHtmlAttr.php(25): Zend\Escaper\Escaper->escapeHtmlAttr('return confirm(...')
#2 /home4/spartan4/app.spartansgym.space/vendor/zendframework/zend-view/src/Helper/Escaper/AbstractHelper.php(51): Zend\View\Helper\EscapeHtmlAttr->escape('return confirm(...')
#3 /home4/spartan4/app.spartansgym.space/vendor/zendframework/zend-form/src/View/Helper/AbstractHelper.php(232): Zend\View\Helper\Escaper\AbstractHelper->__invoke('return confirm(...')
#4 /home4/spartan4/app.spartansgym.space/vendor/zendframework/zend-f in /home4/spartan4/app.spartansgym.space/vendor/zendframework/zend-escaper/src/Escaper.php on line 323
[23-Sep-2021 15:23:29 America/Bogota] PHP Fatal error:  Uncaught Zend\Escaper\Exception\RuntimeException: String to be escaped was not valid UTF-8 or could not be converted: return confirm("¢Ä DESEA REGISTRAR ESTE PRODUCTO ?") in /home4/spartan4/app.spartansgym.space/vendor/zendframework/zend-escaper/src/Escaper.php:323
Stack trace:
#0 /home4/spartan4/app.spartansgym.space/vendor/zendframework/zend-escaper/src/Escaper.php(161): Zend\Escaper\Escaper->toUtf8('return confirm(...')
#1 /home4/spartan4/app.spartansgym.space/vendor/zendframework/zend-view/src/Helper/EscapeHtmlAttr.php(25): Zend\Escaper\Escaper->escapeHtmlAttr('return confirm(...')
#2 /home4/spartan4/app.spartansgym.space/vendor/zendframework/zend-view/src/Helper/Escaper/AbstractHelper.php(51): Zend\View\Helper\EscapeHtmlAttr->escape('return confirm(...')
#3 /home4/spartan4/app.spartansgym.space/vendor/zendframework/zend-form/src/View/Helper/AbstractHelper.php(232): Zend\View\Helper\Escaper\AbstractHelper->__invoke('return confirm(...')
#4 /home4/spartan4/app.spartansgym.space/vendor/zendframework/zend-f in /home4/spartan4/app.spartansgym.space/vendor/zendframework/zend-escaper/src/Escaper.php on line 323
[27-Sep-2021 16:35:01 America/Bogota] PHP Warning:  Invalid argument supplied for foreach() in /home4/spartan4/app.spartansgym.space/module/Administracion/view/administracion/asistencia/formulario.phtml on line 25
[27-Sep-2021 16:35:33 America/Bogota] PHP Warning:  Invalid argument supplied for foreach() in /home4/spartan4/app.spartansgym.space/module/Administracion/view/administracion/asistencia/formulario.phtml on line 25
[28-Sep-2021 11:13:27 America/Bogota] PHP Fatal error:  Uncaught Error: Call to a member function canCallMagicCall() on null in /home4/spartan4/app.spartansgym.space/vendor/zendframework/zend-db/src/TableGateway/AbstractTableGateway.php:496
Stack trace:
#0 /home4/spartan4/app.spartansgym.space/module/Administracion/src/Administracion/Controller/UsuarioController.php(383): Zend\Db\TableGateway\AbstractTableGateway->__call('eliminarUsuario', Array)
#1 /home4/spartan4/app.spartansgym.space/vendor/zendframework/zend-mvc/src/Controller/AbstractActionController.php(82): Administracion\Controller\UsuarioController->eliminarUsuarioAction()
#2 [internal function]: Zend\Mvc\Controller\AbstractActionController->onDispatch(Object(Zend\Mvc\MvcEvent))
#3 /home4/spartan4/app.spartansgym.space/vendor/zendframework/zend-eventmanager/src/EventManager.php(444): call_user_func(Array, Object(Zend\Mvc\MvcEvent))
#4 /home4/spartan4/app.spartansgym.space/vendor/zendframework/zend-eventmanager/src/EventManager.php(205): Zend\EventManager\EventManager->triggerListeners('dispatch', Object(Z in /home4/spartan4/app.spartansgym.space/vendor/zendframework/zend-db/src/TableGateway/AbstractTableGateway.php on line 496
